20-Oct-2023 07:01:25.260 INFO [main] org.apache.catalina.startup.VersionLoggerListener.log Nombre de la versión del servidor: Apache Tomcat/10.1.13
20-Oct-2023 07:01:25.266 INFO [main] org.apache.catalina.startup.VersionLoggerListener.log Server built:                      Aug 23 2023 21:34:59 UTC
20-Oct-2023 07:01:25.267 INFO [main] org.apache.catalina.startup.VersionLoggerListener.log Número de versión de servidor:     10.1.13.0
20-Oct-2023 07:01:25.267 INFO [main] org.apache.catalina.startup.VersionLoggerListener.log OS Name:                           Windows 11
20-Oct-2023 07:01:25.267 INFO [main] org.apache.catalina.startup.VersionLoggerListener.log Versión de Systema Operativo:      10.0
20-Oct-2023 07:01:25.268 INFO [main] org.apache.catalina.startup.VersionLoggerListener.log Arquitectura:                      amd64
20-Oct-2023 07:01:25.268 INFO [main] org.apache.catalina.startup.VersionLoggerListener.log Java Home:                         C:\Program Files\Java\jdk-20
20-Oct-2023 07:01:25.270 INFO [main] org.apache.catalina.startup.VersionLoggerListener.log JVM Version:                       20.0.1+9-29
20-Oct-2023 07:01:25.270 INFO [main] org.apache.catalina.startup.VersionLoggerListener.log Vededor JVM:                       Oracle Corporation
20-Oct-2023 07:01:25.270 INFO [main] org.apache.catalina.startup.VersionLoggerListener.log CATALINA_BASE:                     C:\Users\evila\OneDrive\Desktop\ALEJANDRO WS\apache-tomcat-10.1.13
20-Oct-2023 07:01:25.271 INFO [main] org.apache.catalina.startup.VersionLoggerListener.log CATALINA_HOME:                     C:\Users\evila\OneDrive\Desktop\ALEJANDRO WS\apache-tomcat-10.1.13
20-Oct-2023 07:01:25.288 INFO [main] org.apache.catalina.startup.VersionLoggerListener.log Command line argument:             -Djava.util.logging.config.file=C:\Users\evila\OneDrive\Desktop\ALEJANDRO WS\apache-tomcat-10.1.13\conf\logging.properties
20-Oct-2023 07:01:25.288 INFO [main] org.apache.catalina.startup.VersionLoggerListener.log Command line argument:             -Djava.util.logging.manager=org.apache.juli.ClassLoaderLogManager
20-Oct-2023 07:01:25.289 INFO [main] org.apache.catalina.startup.VersionLoggerListener.log Command line argument:             -Djdk.tls.ephemeralDHKeySize=2048
20-Oct-2023 07:01:25.289 INFO [main] org.apache.catalina.startup.VersionLoggerListener.log Command line argument:             -Djava.protocol.handler.pkgs=org.apache.catalina.webresources
20-Oct-2023 07:01:25.289 INFO [main] org.apache.catalina.startup.VersionLoggerListener.log Command line argument:             --add-opens=java.base/java.lang=ALL-UNNAMED
20-Oct-2023 07:01:25.289 INFO [main] org.apache.catalina.startup.VersionLoggerListener.log Command line argument:             --add-opens=java.base/java.io=ALL-UNNAMED
20-Oct-2023 07:01:25.289 INFO [main] org.apache.catalina.startup.VersionLoggerListener.log Command line argument:             --add-opens=java.base/java.util=ALL-UNNAMED
20-Oct-2023 07:01:25.289 INFO [main] org.apache.catalina.startup.VersionLoggerListener.log Command line argument:             --add-opens=java.base/java.util.concurrent=ALL-UNNAMED
20-Oct-2023 07:01:25.289 INFO [main] org.apache.catalina.startup.VersionLoggerListener.log Command line argument:             --add-opens=java.rmi/sun.rmi.transport=ALL-UNNAMED
20-Oct-2023 07:01:25.290 INFO [main] org.apache.catalina.startup.VersionLoggerListener.log Command line argument:             -Dcatalina.base=C:\Users\evila\OneDrive\Desktop\ALEJANDRO WS\apache-tomcat-10.1.13
20-Oct-2023 07:01:25.290 INFO [main] org.apache.catalina.startup.VersionLoggerListener.log Command line argument:             -Dcatalina.home=C:\Users\evila\OneDrive\Desktop\ALEJANDRO WS\apache-tomcat-10.1.13
20-Oct-2023 07:01:25.290 INFO [main] org.apache.catalina.startup.VersionLoggerListener.log Command line argument:             -Djava.io.tmpdir=C:\Users\evila\OneDrive\Desktop\ALEJANDRO WS\apache-tomcat-10.1.13\temp
20-Oct-2023 07:01:25.313 INFO [main] org.apache.catalina.core.AprLifecycleListener.lifecycleEvent La biblioteca nativa de Apache Tomcat basada en ARP que permite un rendimiento óptimo en entornos de desarrollo no ha sido hallada en java.library.path: [C:\Program Files\Java\jdk-20\bin;C:\WINDOWS\Sun\Java\bin;C:\WINDOWS\system32;C:\WINDOWS;C:\Program Files\BellSoft\LibericaJDK-17-Full\bin\;C:\Program Files\Eclipse Adoptium\jdk-8.0.382.5-hotspot\bin;C:\Python311\Scripts\;C:\Python311\;C:\Program Files\Common Files\Oracle\Java\javapath;C:\WINDOWS\system32;C:\WINDOWS;C:\WINDOWS\System32\Wbem;C:\WINDOWS\System32\WindowsPowerShell\v1.0\;C:\WINDOWS\System32\OpenSSH\;C:\ProgramData\chocolatey\bin;C:\Program Files\Git\cmd;C:\Users\evila\AppData\Roaming\nvm;C:\Program Files\nodejs;C:\Program Files\Docker\Docker\resources\bin;C:\Program Files\apache-maven-3.9.4\bin;C:\Program Files\MySQL\MySQL Shell 8.1\bin\;C:\Users\evila\.cargo\bin;C:\Users\evila\AppData\Local\Microsoft\WindowsApps;C:\Users\evila\AppData\Local\Programs\Microsoft VS Code\bin;C:\Users\evila\AppData\Roaming\npm;C:\Users\evila\AppData\Roaming\nvm;C:\Program Files\nodejs;C:\Users\evila\AppData\Local\Programs\oh-my-posh\bin;C:\Program Files\JetBrains\IntelliJ IDEA 2023.2.2\bin;;C:\Program Files\JetBrains\WebStorm 2023.2.2\bin;;;.]
20-Oct-2023 07:01:25.975 INFO [main] org.apache.coyote.AbstractProtocol.init Inicializando el manejador de protocolo ["http-nio-8080"]

20-Oct-2023 07:01:26.025 INFO [main] org.apache.catalina.startup.Catalina.load Server initialization in [1204] milliseconds
20-Oct-2023 07:01:26.187 INFO [main] org.apache.catalina.core.StandardService.startInternal Arrancando servicio [Catalina]
20-Oct-2023 07:01:26.188 INFO [main] org.apache.catalina.core.StandardEngine.startInternal Starting Servlet engine: [Apache Tomcat/10.1.13]
20-Oct-2023 07:01:26.214 INFO [main] org.apache.catalina.startup.HostConfig.deployDescriptor Desplieque del descriptor de configuración [C:\Users\evila\OneDrive\Desktop\ALEJANDRO WS\apache-tomcat-10.1.13\conf\Catalina\localhost\alejandrows.xml]
20-Oct-2023 07:01:26.311 WARNING [main] org.apache.catalina.startup.HostConfig.deployDescriptor The path attribute with value [/alejandrows] in deployment descriptor [C:\Users\evila\OneDrive\Desktop\ALEJANDRO WS\apache-tomcat-10.1.13\conf\Catalina\localhost\alejandrows.xml] has been ignored
20-Oct-2023 07:01:28.986 INFO [main] org.apache.jasper.servlet.TldScanner.scanJars Al menos un JAR, que se ha explorado buscando TLDs, aún no contenía TLDs. Activar historial de depuración para este historiador para una completa lista de los JARs que fueron explorados y de los que nos se halló TLDs. Saltarse JARs no necesarios durante la exploración puede dar lugar a una mejora de tiempo significativa en el arranque y compilación de JSP .
20-Oct-2023 07:01:29.219 INFO [main] org.apache.catalina.startup.HostConfig.deployDescriptor Deployment of deployment descriptor [C:\Users\evila\OneDrive\Desktop\ALEJANDRO WS\apache-tomcat-10.1.13\conf\Catalina\localhost\alejandrows.xml] has finished in [2.997] ms
20-Oct-2023 07:01:29.220 INFO [main] org.apache.catalina.startup.HostConfig.deployDirectory Desplegando el directorio [C:\Users\evila\OneDrive\Desktop\ALEJANDRO WS\apache-tomcat-10.1.13\webapps\docs] de la aplicación web
20-Oct-2023 07:01:29.290 INFO [main] org.apache.catalina.startup.HostConfig.deployDirectory Deployment of web application directory [C:\Users\evila\OneDrive\Desktop\ALEJANDRO WS\apache-tomcat-10.1.13\webapps\docs] has finished in [69] ms
20-Oct-2023 07:01:29.290 INFO [main] org.apache.catalina.startup.HostConfig.deployDirectory Desplegando el directorio [C:\Users\evila\OneDrive\Desktop\ALEJANDRO WS\apache-tomcat-10.1.13\webapps\examples] de la aplicación web
20-Oct-2023 07:01:30.228 INFO [main] org.apache.catalina.startup.HostConfig.deployDirectory Deployment of web application directory [C:\Users\evila\OneDrive\Desktop\ALEJANDRO WS\apache-tomcat-10.1.13\webapps\examples] has finished in [938] ms
20-Oct-2023 07:01:30.229 INFO [main] org.apache.catalina.startup.HostConfig.deployDirectory Desplegando el directorio [C:\Users\evila\OneDrive\Desktop\ALEJANDRO WS\apache-tomcat-10.1.13\webapps\host-manager] de la aplicación web
20-Oct-2023 07:01:30.334 INFO [main] org.apache.catalina.startup.HostConfig.deployDirectory Deployment of web application directory [C:\Users\evila\OneDrive\Desktop\ALEJANDRO WS\apache-tomcat-10.1.13\webapps\host-manager] has finished in [103] ms
20-Oct-2023 07:01:30.335 INFO [main] org.apache.catalina.startup.HostConfig.deployDirectory Desplegando el directorio [C:\Users\evila\OneDrive\Desktop\ALEJANDRO WS\apache-tomcat-10.1.13\webapps\manager] de la aplicación web
20-Oct-2023 07:01:30.428 INFO [main] org.apache.catalina.startup.HostConfig.deployDirectory Deployment of web application directory [C:\Users\evila\OneDrive\Desktop\ALEJANDRO WS\apache-tomcat-10.1.13\webapps\manager] has finished in [94] ms
20-Oct-2023 07:01:30.428 INFO [main] org.apache.catalina.startup.HostConfig.deployDirectory Desplegando el directorio [C:\Users\evila\OneDrive\Desktop\ALEJANDRO WS\apache-tomcat-10.1.13\webapps\ROOT] de la aplicación web
20-Oct-2023 07:01:30.464 INFO [main] org.apache.catalina.startup.HostConfig.deployDirectory Deployment of web application directory [C:\Users\evila\OneDrive\Desktop\ALEJANDRO WS\apache-tomcat-10.1.13\webapps\ROOT] has finished in [36] ms
20-Oct-2023 07:01:30.469 INFO [main] org.apache.coyote.AbstractProtocol.start Starting ProtocolHandler ["http-nio-8080"]
20-Oct-2023 07:01:30.548 INFO [main] org.apache.catalina.startup.Catalina.start Server startup in [4518] milliseconds
20-Oct-2023 07:01:39.762 INFO [http-nio-8080-exec-8] org.apache.catalina.core.StandardContext.reload Ha comenzado la recarga de Contexto [/alejandrows]
20-Oct-2023 07:01:41.750 INFO [http-nio-8080-exec-8] org.apache.jasper.servlet.TldScanner.scanJars Al menos un JAR, que se ha explorado buscando TLDs, aún no contenía TLDs. Activar historial de depuración para este historiador para una completa lista de los JARs que fueron explorados y de los que nos se halló TLDs. Saltarse JARs no necesarios durante la exploración puede dar lugar a una mejora de tiempo significativa en el arranque y compilación de JSP .
20-Oct-2023 07:01:41.826 INFO [http-nio-8080-exec-8] org.apache.catalina.core.StandardContext.reload Se ha completado la recarga de este Contexto
20-Oct-2023 07:06:28.780 WARNING [http-nio-8080-exec-13] org.glassfish.jersey.server.wadl.WadlFeature.configure JAXBContext implementation could not be found. WADL feature is disabled.
20-Oct-2023 07:12:47.129 INFO [http-nio-8080-exec-16] org.apache.catalina.startup.HostConfig.undeploy Repliegue (undeploy) de la aplicación web que tiene como trayectoria de contexto [/alejandrows]
20-Oct-2023 07:13:04.764 INFO [http-nio-8080-exec-20] org.apache.catalina.startup.HostConfig.deployDescriptor Desplieque del descriptor de configuración [C:\Users\evila\OneDrive\Desktop\ALEJANDRO WS\apache-tomcat-10.1.13\conf\Catalina\localhost\alejandrows.xml]
20-Oct-2023 07:13:04.769 WARNING [http-nio-8080-exec-20] org.apache.catalina.startup.HostConfig.deployDescriptor The path attribute with value [/alejandrows] in deployment descriptor [C:\Users\evila\OneDrive\Desktop\ALEJANDRO WS\apache-tomcat-10.1.13\conf\Catalina\localhost\alejandrows.xml] has been ignored
20-Oct-2023 07:13:06.703 INFO [http-nio-8080-exec-20] org.apache.jasper.servlet.TldScanner.scanJars Al menos un JAR, que se ha explorado buscando TLDs, aún no contenía TLDs. Activar historial de depuración para este historiador para una completa lista de los JARs que fueron explorados y de los que nos se halló TLDs. Saltarse JARs no necesarios durante la exploración puede dar lugar a una mejora de tiempo significativa en el arranque y compilación de JSP .
20-Oct-2023 07:13:06.784 INFO [http-nio-8080-exec-20] org.apache.catalina.startup.HostConfig.deployDescriptor Deployment of deployment descriptor [C:\Users\evila\OneDrive\Desktop\ALEJANDRO WS\apache-tomcat-10.1.13\conf\Catalina\localhost\alejandrows.xml] has finished in [2.019] ms
20-Oct-2023 07:13:06.790 INFO [http-nio-8080-exec-11] org.apache.catalina.util.LifecycleBase.start The start() method was called on component [StandardEngine[Catalina].StandardHost[localhost].StandardContext[/alejandrows]] after start() had already been called. The second call will be ignored.
20-Oct-2023 07:14:14.235 INFO [http-nio-8080-exec-29] org.apache.catalina.startup.HostConfig.undeploy Repliegue (undeploy) de la aplicación web que tiene como trayectoria de contexto [/alejandrows]
20-Oct-2023 07:16:52.444 INFO [http-nio-8080-exec-35] org.apache.catalina.startup.HostConfig.deployDescriptor Desplieque del descriptor de configuración [C:\Users\evila\OneDrive\Desktop\ALEJANDRO WS\apache-tomcat-10.1.13\conf\Catalina\localhost\alejandrows.xml]
20-Oct-2023 07:16:52.445 WARNING [http-nio-8080-exec-35] org.apache.catalina.startup.HostConfig.deployDescriptor The path attribute with value [/alejandrows] in deployment descriptor [C:\Users\evila\OneDrive\Desktop\ALEJANDRO WS\apache-tomcat-10.1.13\conf\Catalina\localhost\alejandrows.xml] has been ignored
20-Oct-2023 07:16:54.094 INFO [http-nio-8080-exec-35] org.apache.jasper.servlet.TldScanner.scanJars Al menos un JAR, que se ha explorado buscando TLDs, aún no contenía TLDs. Activar historial de depuración para este historiador para una completa lista de los JARs que fueron explorados y de los que nos se halló TLDs. Saltarse JARs no necesarios durante la exploración puede dar lugar a una mejora de tiempo significativa en el arranque y compilación de JSP .
20-Oct-2023 07:16:54.147 INFO [http-nio-8080-exec-35] org.apache.catalina.startup.HostConfig.deployDescriptor Deployment of deployment descriptor [C:\Users\evila\OneDrive\Desktop\ALEJANDRO WS\apache-tomcat-10.1.13\conf\Catalina\localhost\alejandrows.xml] has finished in [1.703] ms
20-Oct-2023 07:16:54.153 INFO [http-nio-8080-exec-23] org.apache.catalina.util.LifecycleBase.start The start() method was called on component [StandardEngine[Catalina].StandardHost[localhost].StandardContext[/alejandrows]] after start() had already been called. The second call will be ignored.
20-Oct-2023 07:17:15.459 WARNING [http-nio-8080-exec-36] org.glassfish.jersey.server.wadl.WadlFeature.configure JAXBContext implementation could not be found. WADL feature is disabled.
20-Oct-2023 12:41:11.142 INFO [main] org.apache.catalina.core.StandardServer.await Se ha recibido un comando de apagado a través del puerto de apagado. Parando la instancia del Servidor.
20-Oct-2023 12:41:11.144 INFO [main] org.apache.coyote.AbstractProtocol.pause Pausing ProtocolHandler ["http-nio-8080"]
20-Oct-2023 12:41:11.206 INFO [main] org.apache.catalina.core.StandardService.stopInternal Parando servicio [Catalina]
20-Oct-2023 12:41:11.323 INFO [main] org.apache.coyote.AbstractProtocol.stop Stopping ProtocolHandler ["http-nio-8080"]
20-Oct-2023 12:41:11.392 INFO [main] org.apache.coyote.AbstractProtocol.destroy Destroying ProtocolHandler ["http-nio-8080"]
20-Oct-2023 14:52:47.823 INFO [main] org.apache.catalina.startup.VersionLoggerListener.log Nombre de la versión del servidor: Apache Tomcat/10.1.13
20-Oct-2023 14:52:47.839 INFO [main] org.apache.catalina.startup.VersionLoggerListener.log Server built:                      Aug 23 2023 21:34:59 UTC
20-Oct-2023 14:52:47.840 INFO [main] org.apache.catalina.startup.VersionLoggerListener.log Número de versión de servidor:     10.1.13.0
20-Oct-2023 14:52:47.841 INFO [main] org.apache.catalina.startup.VersionLoggerListener.log OS Name:                           Windows 11
20-Oct-2023 14:52:47.841 INFO [main] org.apache.catalina.startup.VersionLoggerListener.log Versión de Systema Operativo:      10.0
20-Oct-2023 14:52:47.842 INFO [main] org.apache.catalina.startup.VersionLoggerListener.log Arquitectura:                      amd64
20-Oct-2023 14:52:47.842 INFO [main] org.apache.catalina.startup.VersionLoggerListener.log Java Home:                         C:\Program Files\Java\jdk-20
20-Oct-2023 14:52:47.843 INFO [main] org.apache.catalina.startup.VersionLoggerListener.log JVM Version:                       20.0.1+9-29
20-Oct-2023 14:52:47.843 INFO [main] org.apache.catalina.startup.VersionLoggerListener.log Vededor JVM:                       Oracle Corporation
20-Oct-2023 14:52:47.844 INFO [main] org.apache.catalina.startup.VersionLoggerListener.log CATALINA_BASE:                     C:\Users\evila\OneDrive\Desktop\ALEJANDRO WS\apache-tomcat-10.1.13
20-Oct-2023 14:52:47.844 INFO [main] org.apache.catalina.startup.VersionLoggerListener.log CATALINA_HOME:                     C:\Users\evila\OneDrive\Desktop\ALEJANDRO WS\apache-tomcat-10.1.13
20-Oct-2023 14:52:47.872 INFO [main] org.apache.catalina.startup.VersionLoggerListener.log Command line argument:             -Djava.util.logging.config.file=C:\Users\evila\OneDrive\Desktop\ALEJANDRO WS\apache-tomcat-10.1.13\conf\logging.properties
20-Oct-2023 14:52:47.872 INFO [main] org.apache.catalina.startup.VersionLoggerListener.log Command line argument:             -Djava.util.logging.manager=org.apache.juli.ClassLoaderLogManager
20-Oct-2023 14:52:47.872 INFO [main] org.apache.catalina.startup.VersionLoggerListener.log Command line argument:             -Djdk.tls.ephemeralDHKeySize=2048
20-Oct-2023 14:52:47.873 INFO [main] org.apache.catalina.startup.VersionLoggerListener.log Command line argument:             -Djava.protocol.handler.pkgs=org.apache.catalina.webresources
20-Oct-2023 14:52:47.873 INFO [main] org.apache.catalina.startup.VersionLoggerListener.log Command line argument:             --add-opens=java.base/java.lang=ALL-UNNAMED
20-Oct-2023 14:52:47.873 INFO [main] org.apache.catalina.startup.VersionLoggerListener.log Command line argument:             --add-opens=java.base/java.io=ALL-UNNAMED
20-Oct-2023 14:52:47.873 INFO [main] org.apache.catalina.startup.VersionLoggerListener.log Command line argument:             --add-opens=java.base/java.util=ALL-UNNAMED
20-Oct-2023 14:52:47.873 INFO [main] org.apache.catalina.startup.VersionLoggerListener.log Command line argument:             --add-opens=java.base/java.util.concurrent=ALL-UNNAMED
20-Oct-2023 14:52:47.874 INFO [main] org.apache.catalina.startup.VersionLoggerListener.log Command line argument:             --add-opens=java.rmi/sun.rmi.transport=ALL-UNNAMED
20-Oct-2023 14:52:47.874 INFO [main] org.apache.catalina.startup.VersionLoggerListener.log Command line argument:             -Dcatalina.base=C:\Users\evila\OneDrive\Desktop\ALEJANDRO WS\apache-tomcat-10.1.13
20-Oct-2023 14:52:47.874 INFO [main] org.apache.catalina.startup.VersionLoggerListener.log Command line argument:             -Dcatalina.home=C:\Users\evila\OneDrive\Desktop\ALEJANDRO WS\apache-tomcat-10.1.13
20-Oct-2023 14:52:47.874 INFO [main] org.apache.catalina.startup.VersionLoggerListener.log Command line argument:             -Djava.io.tmpdir=C:\Users\evila\OneDrive\Desktop\ALEJANDRO WS\apache-tomcat-10.1.13\temp
20-Oct-2023 14:52:47.907 INFO [main] org.apache.catalina.core.AprLifecycleListener.lifecycleEvent La biblioteca nativa de Apache Tomcat basada en ARP que permite un rendimiento óptimo en entornos de desarrollo no ha sido hallada en java.library.path: [C:\Program Files\Java\jdk-20\bin;C:\WINDOWS\Sun\Java\bin;C:\WINDOWS\system32;C:\WINDOWS;C:\Program Files\BellSoft\LibericaJDK-17-Full\bin\;C:\Program Files\Eclipse Adoptium\jdk-8.0.382.5-hotspot\bin;C:\Python311\Scripts\;C:\Python311\;C:\Program Files\Common Files\Oracle\Java\javapath;C:\WINDOWS\system32;C:\WINDOWS;C:\WINDOWS\System32\Wbem;C:\WINDOWS\System32\WindowsPowerShell\v1.0\;C:\WINDOWS\System32\OpenSSH\;C:\ProgramData\chocolatey\bin;C:\Program Files\Git\cmd;C:\Users\evila\AppData\Roaming\nvm;C:\Program Files\nodejs;C:\Program Files\Docker\Docker\resources\bin;C:\Program Files\apache-maven-3.9.4\bin;C:\Program Files\MySQL\MySQL Shell 8.1\bin\;C:\Users\evila\.cargo\bin;C:\Users\evila\AppData\Local\Microsoft\WindowsApps;C:\Users\evila\AppData\Local\Programs\Microsoft VS Code\bin;C:\Users\evila\AppData\Roaming\npm;C:\Users\evila\AppData\Roaming\nvm;C:\Program Files\nodejs;C:\Users\evila\AppData\Local\Programs\oh-my-posh\bin;C:\Program Files\JetBrains\IntelliJ IDEA 2023.2.2\bin;;C:\Program Files\JetBrains\WebStorm 2023.2.2\bin;;;.]
20-Oct-2023 14:52:48.896 INFO [main] org.apache.coyote.AbstractProtocol.init Inicializando el manejador de protocolo ["http-nio-8080"]

20-Oct-2023 14:52:48.968 INFO [main] org.apache.catalina.startup.Catalina.load Server initialization in [1774] milliseconds
20-Oct-2023 14:52:49.182 INFO [main] org.apache.catalina.core.StandardService.startInternal Arrancando servicio [Catalina]
20-Oct-2023 14:52:49.183 INFO [main] org.apache.catalina.core.StandardEngine.startInternal Starting Servlet engine: [Apache Tomcat/10.1.13]
20-Oct-2023 14:52:49.216 INFO [main] org.apache.catalina.startup.HostConfig.deployDescriptor Desplieque del descriptor de configuración [C:\Users\evila\OneDrive\Desktop\ALEJANDRO WS\apache-tomcat-10.1.13\conf\Catalina\localhost\alejandrows.xml]
20-Oct-2023 14:52:49.301 WARNING [main] org.apache.catalina.startup.HostConfig.deployDescriptor The path attribute with value [/alejandrows] in deployment descriptor [C:\Users\evila\OneDrive\Desktop\ALEJANDRO WS\apache-tomcat-10.1.13\conf\Catalina\localhost\alejandrows.xml] has been ignored
20-Oct-2023 14:52:53.247 INFO [main] org.apache.jasper.servlet.TldScanner.scanJars Al menos un JAR, que se ha explorado buscando TLDs, aún no contenía TLDs. Activar historial de depuración para este historiador para una completa lista de los JARs que fueron explorados y de los que nos se halló TLDs. Saltarse JARs no necesarios durante la exploración puede dar lugar a una mejora de tiempo significativa en el arranque y compilación de JSP .
20-Oct-2023 14:52:53.580 INFO [main] org.apache.catalina.startup.HostConfig.deployDescriptor Deployment of deployment descriptor [C:\Users\evila\OneDrive\Desktop\ALEJANDRO WS\apache-tomcat-10.1.13\conf\Catalina\localhost\alejandrows.xml] has finished in [4.356] ms
20-Oct-2023 14:52:53.582 INFO [main] org.apache.catalina.startup.HostConfig.deployDirectory Desplegando el directorio [C:\Users\evila\OneDrive\Desktop\ALEJANDRO WS\apache-tomcat-10.1.13\webapps\docs] de la aplicación web
20-Oct-2023 14:52:53.700 INFO [main] org.apache.catalina.startup.HostConfig.deployDirectory Deployment of web application directory [C:\Users\evila\OneDrive\Desktop\ALEJANDRO WS\apache-tomcat-10.1.13\webapps\docs] has finished in [117] ms
20-Oct-2023 14:52:53.700 INFO [main] org.apache.catalina.startup.HostConfig.deployDirectory Desplegando el directorio [C:\Users\evila\OneDrive\Desktop\ALEJANDRO WS\apache-tomcat-10.1.13\webapps\examples] de la aplicación web
20-Oct-2023 14:52:55.153 INFO [main] org.apache.catalina.startup.HostConfig.deployDirectory Deployment of web application directory [C:\Users\evila\OneDrive\Desktop\ALEJANDRO WS\apache-tomcat-10.1.13\webapps\examples] has finished in [1.452] ms
20-Oct-2023 14:52:55.153 INFO [main] org.apache.catalina.startup.HostConfig.deployDirectory Desplegando el directorio [C:\Users\evila\OneDrive\Desktop\ALEJANDRO WS\apache-tomcat-10.1.13\webapps\host-manager] de la aplicación web
20-Oct-2023 14:52:55.298 INFO [main] org.apache.catalina.startup.HostConfig.deployDirectory Deployment of web application directory [C:\Users\evila\OneDrive\Desktop\ALEJANDRO WS\apache-tomcat-10.1.13\webapps\host-manager] has finished in [144] ms
20-Oct-2023 14:52:55.299 INFO [main] org.apache.catalina.startup.HostConfig.deployDirectory Desplegando el directorio [C:\Users\evila\OneDrive\Desktop\ALEJANDRO WS\apache-tomcat-10.1.13\webapps\manager] de la aplicación web
20-Oct-2023 14:52:55.447 INFO [main] org.apache.catalina.startup.HostConfig.deployDirectory Deployment of web application directory [C:\Users\evila\OneDrive\Desktop\ALEJANDRO WS\apache-tomcat-10.1.13\webapps\manager] has finished in [149] ms
20-Oct-2023 14:52:55.448 INFO [main] org.apache.catalina.startup.HostConfig.deployDirectory Desplegando el directorio [C:\Users\evila\OneDrive\Desktop\ALEJANDRO WS\apache-tomcat-10.1.13\webapps\ROOT] de la aplicación web
20-Oct-2023 14:52:55.531 INFO [main] org.apache.catalina.startup.HostConfig.deployDirectory Deployment of web application directory [C:\Users\evila\OneDrive\Desktop\ALEJANDRO WS\apache-tomcat-10.1.13\webapps\ROOT] has finished in [82] ms
20-Oct-2023 14:52:55.540 INFO [main] org.apache.coyote.AbstractProtocol.start Starting ProtocolHandler ["http-nio-8080"]
20-Oct-2023 14:52:55.666 INFO [main] org.apache.catalina.startup.Catalina.start Server startup in [6693] milliseconds
20-Oct-2023 14:52:58.455 INFO [http-nio-8080-exec-10] org.apache.catalina.startup.HostConfig.undeploy Repliegue (undeploy) de la aplicación web que tiene como trayectoria de contexto [/alejandrows]
20-Oct-2023 14:52:58.483 INFO [http-nio-8080-exec-9] org.apache.catalina.startup.HostConfig.deployDescriptor Desplieque del descriptor de configuración [C:\Users\evila\OneDrive\Desktop\ALEJANDRO WS\apache-tomcat-10.1.13\conf\Catalina\localhost\alejandrows.xml]
20-Oct-2023 14:52:58.487 WARNING [http-nio-8080-exec-9] org.apache.catalina.startup.HostConfig.deployDescriptor The path attribute with value [/alejandrows] in deployment descriptor [C:\Users\evila\OneDrive\Desktop\ALEJANDRO WS\apache-tomcat-10.1.13\conf\Catalina\localhost\alejandrows.xml] has been ignored
20-Oct-2023 14:53:01.550 INFO [http-nio-8080-exec-9] org.apache.jasper.servlet.TldScanner.scanJars Al menos un JAR, que se ha explorado buscando TLDs, aún no contenía TLDs. Activar historial de depuración para este historiador para una completa lista de los JARs que fueron explorados y de los que nos se halló TLDs. Saltarse JARs no necesarios durante la exploración puede dar lugar a una mejora de tiempo significativa en el arranque y compilación de JSP .
20-Oct-2023 14:53:01.686 INFO [http-nio-8080-exec-9] org.apache.catalina.startup.HostConfig.deployDescriptor Deployment of deployment descriptor [C:\Users\evila\OneDrive\Desktop\ALEJANDRO WS\apache-tomcat-10.1.13\conf\Catalina\localhost\alejandrows.xml] has finished in [3.200] ms
20-Oct-2023 14:53:12.841 WARNING [http-nio-8080-exec-7] org.glassfish.jersey.server.wadl.WadlFeature.configure JAXBContext implementation could not be found. WADL feature is disabled.
20-Oct-2023 14:58:39.240 INFO [http-nio-8080-exec-13] org.apache.catalina.core.StandardContext.reload Ha comenzado la recarga de Contexto [/alejandrows]
20-Oct-2023 14:58:42.482 INFO [http-nio-8080-exec-13] org.apache.jasper.servlet.TldScanner.scanJars Al menos un JAR, que se ha explorado buscando TLDs, aún no contenía TLDs. Activar historial de depuración para este historiador para una completa lista de los JARs que fueron explorados y de los que nos se halló TLDs. Saltarse JARs no necesarios durante la exploración puede dar lugar a una mejora de tiempo significativa en el arranque y compilación de JSP .
20-Oct-2023 14:58:42.615 INFO [http-nio-8080-exec-13] org.apache.catalina.core.StandardContext.reload Se ha completado la recarga de este Contexto
20-Oct-2023 14:58:42.985 INFO [http-nio-8080-exec-12] org.apache.catalina.core.StandardContext.reload Ha comenzado la recarga de Contexto [/alejandrows]
20-Oct-2023 14:58:45.446 INFO [http-nio-8080-exec-12] org.apache.jasper.servlet.TldScanner.scanJars Al menos un JAR, que se ha explorado buscando TLDs, aún no contenía TLDs. Activar historial de depuración para este historiador para una completa lista de los JARs que fueron explorados y de los que nos se halló TLDs. Saltarse JARs no necesarios durante la exploración puede dar lugar a una mejora de tiempo significativa en el arranque y compilación de JSP .
20-Oct-2023 14:58:45.545 INFO [http-nio-8080-exec-12] org.apache.catalina.core.StandardContext.reload Se ha completado la recarga de este Contexto
20-Oct-2023 15:00:32.575 INFO [http-nio-8080-exec-15] org.apache.catalina.core.StandardContext.reload Ha comenzado la recarga de Contexto [/alejandrows]
20-Oct-2023 15:00:36.168 INFO [http-nio-8080-exec-15] org.apache.jasper.servlet.TldScanner.scanJars Al menos un JAR, que se ha explorado buscando TLDs, aún no contenía TLDs. Activar historial de depuración para este historiador para una completa lista de los JARs que fueron explorados y de los que nos se halló TLDs. Saltarse JARs no necesarios durante la exploración puede dar lugar a una mejora de tiempo significativa en el arranque y compilación de JSP .
20-Oct-2023 15:00:36.321 INFO [http-nio-8080-exec-15] org.apache.catalina.core.StandardContext.reload Se ha completado la recarga de este Contexto
20-Oct-2023 15:01:11.379 INFO [http-nio-8080-exec-26] org.apache.catalina.core.StandardContext.reload Ha comenzado la recarga de Contexto [/alejandrows]
20-Oct-2023 15:01:13.789 INFO [http-nio-8080-exec-26] org.apache.jasper.servlet.TldScanner.scanJars Al menos un JAR, que se ha explorado buscando TLDs, aún no contenía TLDs. Activar historial de depuración para este historiador para una completa lista de los JARs que fueron explorados y de los que nos se halló TLDs. Saltarse JARs no necesarios durante la exploración puede dar lugar a una mejora de tiempo significativa en el arranque y compilación de JSP .
20-Oct-2023 15:01:13.879 INFO [http-nio-8080-exec-26] org.apache.catalina.core.StandardContext.reload Se ha completado la recarga de este Contexto
20-Oct-2023 15:01:13.888 INFO [http-nio-8080-exec-33] org.apache.catalina.core.StandardContext.reload Ha comenzado la recarga de Contexto [/alejandrows]
20-Oct-2023 15:01:17.005 INFO [http-nio-8080-exec-33] org.apache.jasper.servlet.TldScanner.scanJars Al menos un JAR, que se ha explorado buscando TLDs, aún no contenía TLDs. Activar historial de depuración para este historiador para una completa lista de los JARs que fueron explorados y de los que nos se halló TLDs. Saltarse JARs no necesarios durante la exploración puede dar lugar a una mejora de tiempo significativa en el arranque y compilación de JSP .
20-Oct-2023 15:01:17.102 INFO [http-nio-8080-exec-33] org.apache.catalina.core.StandardContext.reload Se ha completado la recarga de este Contexto
20-Oct-2023 15:02:19.834 WARNING [http-nio-8080-exec-35] org.glassfish.jersey.server.wadl.WadlFeature.configure JAXBContext implementation could not be found. WADL feature is disabled.
20-Oct-2023 15:19:19.089 INFO [main] org.apache.catalina.core.StandardServer.await Se ha recibido un comando de apagado a través del puerto de apagado. Parando la instancia del Servidor.
20-Oct-2023 15:19:19.090 INFO [main] org.apache.coyote.AbstractProtocol.pause Pausing ProtocolHandler ["http-nio-8080"]
20-Oct-2023 15:19:19.112 INFO [main] org.apache.catalina.core.StandardService.stopInternal Parando servicio [Catalina]
20-Oct-2023 15:19:19.162 INFO [main] org.apache.coyote.AbstractProtocol.stop Stopping ProtocolHandler ["http-nio-8080"]
20-Oct-2023 15:19:19.177 INFO [main] org.apache.coyote.AbstractProtocol.destroy Destroying ProtocolHandler ["http-nio-8080"]
