18-Oct-2023 04:26:37.385 INFO [main] org.apache.catalina.startup.VersionLoggerListener.log Nombre de la versión del servidor: Apache Tomcat/10.1.13
18-Oct-2023 04:26:37.394 INFO [main] org.apache.catalina.startup.VersionLoggerListener.log Server built:                      Aug 23 2023 21:34:59 UTC
18-Oct-2023 04:26:37.395 INFO [main] org.apache.catalina.startup.VersionLoggerListener.log Número de versión de servidor:     10.1.13.0
18-Oct-2023 04:26:37.395 INFO [main] org.apache.catalina.startup.VersionLoggerListener.log OS Name:                           Windows 11
18-Oct-2023 04:26:37.395 INFO [main] org.apache.catalina.startup.VersionLoggerListener.log Versión de Systema Operativo:      10.0
18-Oct-2023 04:26:37.396 INFO [main] org.apache.catalina.startup.VersionLoggerListener.log Arquitectura:                      amd64
18-Oct-2023 04:26:37.396 INFO [main] org.apache.catalina.startup.VersionLoggerListener.log Java Home:                         C:\Program Files\Java\jdk-20
18-Oct-2023 04:26:37.396 INFO [main] org.apache.catalina.startup.VersionLoggerListener.log JVM Version:                       20.0.1+9-29
18-Oct-2023 04:26:37.396 INFO [main] org.apache.catalina.startup.VersionLoggerListener.log Vededor JVM:                       Oracle Corporation
18-Oct-2023 04:26:37.396 INFO [main] org.apache.catalina.startup.VersionLoggerListener.log CATALINA_BASE:                     C:\Users\evila\OneDrive\Desktop\ALEJANDRO WS\apache-tomcat-10.1.13
18-Oct-2023 04:26:37.397 INFO [main] org.apache.catalina.startup.VersionLoggerListener.log CATALINA_HOME:                     C:\Users\evila\OneDrive\Desktop\ALEJANDRO WS\apache-tomcat-10.1.13
18-Oct-2023 04:26:37.423 INFO [main] org.apache.catalina.startup.VersionLoggerListener.log Command line argument:             -Djava.util.logging.config.file=C:\Users\evila\OneDrive\Desktop\ALEJANDRO WS\apache-tomcat-10.1.13\conf\logging.properties
18-Oct-2023 04:26:37.424 INFO [main] org.apache.catalina.startup.VersionLoggerListener.log Command line argument:             -Djava.util.logging.manager=org.apache.juli.ClassLoaderLogManager
18-Oct-2023 04:26:37.425 INFO [main] org.apache.catalina.startup.VersionLoggerListener.log Command line argument:             -Djdk.tls.ephemeralDHKeySize=2048
18-Oct-2023 04:26:37.425 INFO [main] org.apache.catalina.startup.VersionLoggerListener.log Command line argument:             -Djava.protocol.handler.pkgs=org.apache.catalina.webresources
18-Oct-2023 04:26:37.425 INFO [main] org.apache.catalina.startup.VersionLoggerListener.log Command line argument:             --add-opens=java.base/java.lang=ALL-UNNAMED
18-Oct-2023 04:26:37.426 INFO [main] org.apache.catalina.startup.VersionLoggerListener.log Command line argument:             --add-opens=java.base/java.io=ALL-UNNAMED
18-Oct-2023 04:26:37.426 INFO [main] org.apache.catalina.startup.VersionLoggerListener.log Command line argument:             --add-opens=java.base/java.util=ALL-UNNAMED
18-Oct-2023 04:26:37.426 INFO [main] org.apache.catalina.startup.VersionLoggerListener.log Command line argument:             --add-opens=java.base/java.util.concurrent=ALL-UNNAMED
18-Oct-2023 04:26:37.427 INFO [main] org.apache.catalina.startup.VersionLoggerListener.log Command line argument:             --add-opens=java.rmi/sun.rmi.transport=ALL-UNNAMED
18-Oct-2023 04:26:37.427 INFO [main] org.apache.catalina.startup.VersionLoggerListener.log Command line argument:             -Dcatalina.base=C:\Users\evila\OneDrive\Desktop\ALEJANDRO WS\apache-tomcat-10.1.13
18-Oct-2023 04:26:37.427 INFO [main] org.apache.catalina.startup.VersionLoggerListener.log Command line argument:             -Dcatalina.home=C:\Users\evila\OneDrive\Desktop\ALEJANDRO WS\apache-tomcat-10.1.13
18-Oct-2023 04:26:37.427 INFO [main] org.apache.catalina.startup.VersionLoggerListener.log Command line argument:             -Djava.io.tmpdir=C:\Users\evila\OneDrive\Desktop\ALEJANDRO WS\apache-tomcat-10.1.13\temp
18-Oct-2023 04:26:37.450 INFO [main] org.apache.catalina.core.AprLifecycleListener.lifecycleEvent La biblioteca nativa de Apache Tomcat basada en ARP que permite un rendimiento óptimo en entornos de desarrollo no ha sido hallada en java.library.path: [C:\Program Files\Java\jdk-20\bin;C:\WINDOWS\Sun\Java\bin;C:\WINDOWS\system32;C:\WINDOWS;C:\Program Files\BellSoft\LibericaJDK-17-Full\bin\;C:\Program Files\Eclipse Adoptium\jdk-8.0.382.5-hotspot\bin;C:\Python311\Scripts\;C:\Python311\;C:\Program Files\Common Files\Oracle\Java\javapath;C:\WINDOWS\system32;C:\WINDOWS;C:\WINDOWS\System32\Wbem;C:\WINDOWS\System32\WindowsPowerShell\v1.0\;C:\WINDOWS\System32\OpenSSH\;C:\ProgramData\chocolatey\bin;C:\Program Files\Git\cmd;C:\Users\evila\AppData\Roaming\nvm;C:\Program Files\nodejs;C:\Program Files\Docker\Docker\resources\bin;C:\Program Files\apache-maven-3.9.4\bin;C:\Program Files\MySQL\MySQL Shell 8.1\bin\;C:\Users\evila\.cargo\bin;C:\Users\evila\AppData\Local\Microsoft\WindowsApps;C:\Users\evila\AppData\Local\Programs\Microsoft VS Code\bin;C:\Users\evila\AppData\Roaming\npm;C:\Users\evila\AppData\Roaming\nvm;C:\Program Files\nodejs;C:\Users\evila\AppData\Local\Programs\oh-my-posh\bin;C:\Program Files\JetBrains\IntelliJ IDEA 2023.2.2\bin;;C:\Program Files\JetBrains\WebStorm 2023.2.2\bin;;;.]
18-Oct-2023 04:26:38.253 INFO [main] org.apache.coyote.AbstractProtocol.init Inicializando el manejador de protocolo ["http-nio-8080"]

18-Oct-2023 04:26:38.318 INFO [main] org.apache.catalina.startup.Catalina.load Server initialization in [1432] milliseconds
18-Oct-2023 04:26:38.494 INFO [main] org.apache.catalina.core.StandardService.startInternal Arrancando servicio [Catalina]
18-Oct-2023 04:26:38.494 INFO [main] org.apache.catalina.core.StandardEngine.startInternal Starting Servlet engine: [Apache Tomcat/10.1.13]
18-Oct-2023 04:26:38.525 INFO [main] org.apache.catalina.startup.HostConfig.deployDescriptor Desplieque del descriptor de configuración [C:\Users\evila\OneDrive\Desktop\ALEJANDRO WS\apache-tomcat-10.1.13\conf\Catalina\localhost\alejandrows.xml]
18-Oct-2023 04:26:38.656 WARNING [main] org.apache.catalina.startup.HostConfig.deployDescriptor The path attribute with value [/alejandrows] in deployment descriptor [C:\Users\evila\OneDrive\Desktop\ALEJANDRO WS\apache-tomcat-10.1.13\conf\Catalina\localhost\alejandrows.xml] has been ignored
18-Oct-2023 04:26:41.627 INFO [main] org.apache.jasper.servlet.TldScanner.scanJars Al menos un JAR, que se ha explorado buscando TLDs, aún no contenía TLDs. Activar historial de depuración para este historiador para una completa lista de los JARs que fueron explorados y de los que nos se halló TLDs. Saltarse JARs no necesarios durante la exploración puede dar lugar a una mejora de tiempo significativa en el arranque y compilación de JSP .
18-Oct-2023 04:26:41.868 INFO [main] org.apache.catalina.startup.HostConfig.deployDescriptor Deployment of deployment descriptor [C:\Users\evila\OneDrive\Desktop\ALEJANDRO WS\apache-tomcat-10.1.13\conf\Catalina\localhost\alejandrows.xml] has finished in [3.336] ms
18-Oct-2023 04:26:41.870 INFO [main] org.apache.catalina.startup.HostConfig.deployDirectory Desplegando el directorio [C:\Users\evila\OneDrive\Desktop\ALEJANDRO WS\apache-tomcat-10.1.13\webapps\docs] de la aplicación web
18-Oct-2023 04:26:41.961 INFO [main] org.apache.catalina.startup.HostConfig.deployDirectory Deployment of web application directory [C:\Users\evila\OneDrive\Desktop\ALEJANDRO WS\apache-tomcat-10.1.13\webapps\docs] has finished in [91] ms
18-Oct-2023 04:26:41.962 INFO [main] org.apache.catalina.startup.HostConfig.deployDirectory Desplegando el directorio [C:\Users\evila\OneDrive\Desktop\ALEJANDRO WS\apache-tomcat-10.1.13\webapps\examples] de la aplicación web
18-Oct-2023 04:26:42.927 INFO [main] org.apache.catalina.startup.HostConfig.deployDirectory Deployment of web application directory [C:\Users\evila\OneDrive\Desktop\ALEJANDRO WS\apache-tomcat-10.1.13\webapps\examples] has finished in [966] ms
18-Oct-2023 04:26:42.928 INFO [main] org.apache.catalina.startup.HostConfig.deployDirectory Desplegando el directorio [C:\Users\evila\OneDrive\Desktop\ALEJANDRO WS\apache-tomcat-10.1.13\webapps\host-manager] de la aplicación web
18-Oct-2023 04:26:43.007 INFO [main] org.apache.catalina.startup.HostConfig.deployDirectory Deployment of web application directory [C:\Users\evila\OneDrive\Desktop\ALEJANDRO WS\apache-tomcat-10.1.13\webapps\host-manager] has finished in [78] ms
18-Oct-2023 04:26:43.008 INFO [main] org.apache.catalina.startup.HostConfig.deployDirectory Desplegando el directorio [C:\Users\evila\OneDrive\Desktop\ALEJANDRO WS\apache-tomcat-10.1.13\webapps\manager] de la aplicación web
18-Oct-2023 04:26:43.097 INFO [main] org.apache.catalina.startup.HostConfig.deployDirectory Deployment of web application directory [C:\Users\evila\OneDrive\Desktop\ALEJANDRO WS\apache-tomcat-10.1.13\webapps\manager] has finished in [90] ms
18-Oct-2023 04:26:43.098 INFO [main] org.apache.catalina.startup.HostConfig.deployDirectory Desplegando el directorio [C:\Users\evila\OneDrive\Desktop\ALEJANDRO WS\apache-tomcat-10.1.13\webapps\ROOT] de la aplicación web
18-Oct-2023 04:26:43.156 INFO [main] org.apache.catalina.startup.HostConfig.deployDirectory Deployment of web application directory [C:\Users\evila\OneDrive\Desktop\ALEJANDRO WS\apache-tomcat-10.1.13\webapps\ROOT] has finished in [56] ms
18-Oct-2023 04:26:43.162 INFO [main] org.apache.coyote.AbstractProtocol.start Starting ProtocolHandler ["http-nio-8080"]
18-Oct-2023 04:26:43.256 INFO [main] org.apache.catalina.startup.Catalina.start Server startup in [4934] milliseconds
18-Oct-2023 04:26:45.708 INFO [http-nio-8080-exec-10] org.apache.catalina.core.StandardContext.reload Ha comenzado la recarga de Contexto [/alejandrows]
18-Oct-2023 04:26:47.323 INFO [http-nio-8080-exec-10] org.apache.jasper.servlet.TldScanner.scanJars Al menos un JAR, que se ha explorado buscando TLDs, aún no contenía TLDs. Activar historial de depuración para este historiador para una completa lista de los JARs que fueron explorados y de los que nos se halló TLDs. Saltarse JARs no necesarios durante la exploración puede dar lugar a una mejora de tiempo significativa en el arranque y compilación de JSP .
18-Oct-2023 04:26:47.364 INFO [http-nio-8080-exec-10] org.apache.catalina.core.StandardContext.reload Se ha completado la recarga de este Contexto
18-Oct-2023 04:27:14.814 WARNING [http-nio-8080-exec-11] org.glassfish.jersey.server.wadl.WadlFeature.configure JAXBContext implementation could not be found. WADL feature is disabled.
18-Oct-2023 04:28:19.668 INFO [http-nio-8080-exec-13] org.apache.catalina.core.StandardContext.reload Ha comenzado la recarga de Contexto [/alejandrows]
18-Oct-2023 04:28:21.148 INFO [http-nio-8080-exec-13] org.apache.jasper.servlet.TldScanner.scanJars Al menos un JAR, que se ha explorado buscando TLDs, aún no contenía TLDs. Activar historial de depuración para este historiador para una completa lista de los JARs que fueron explorados y de los que nos se halló TLDs. Saltarse JARs no necesarios durante la exploración puede dar lugar a una mejora de tiempo significativa en el arranque y compilación de JSP .
18-Oct-2023 04:28:21.200 INFO [http-nio-8080-exec-13] org.apache.catalina.core.StandardContext.reload Se ha completado la recarga de este Contexto
18-Oct-2023 04:28:25.054 INFO [http-nio-8080-exec-17] org.apache.catalina.core.StandardContext.reload Ha comenzado la recarga de Contexto [/alejandrows]
18-Oct-2023 04:28:26.584 INFO [http-nio-8080-exec-17] org.apache.jasper.servlet.TldScanner.scanJars Al menos un JAR, que se ha explorado buscando TLDs, aún no contenía TLDs. Activar historial de depuración para este historiador para una completa lista de los JARs que fueron explorados y de los que nos se halló TLDs. Saltarse JARs no necesarios durante la exploración puede dar lugar a una mejora de tiempo significativa en el arranque y compilación de JSP .
18-Oct-2023 04:28:26.625 INFO [http-nio-8080-exec-17] org.apache.catalina.core.StandardContext.reload Se ha completado la recarga de este Contexto
18-Oct-2023 04:28:45.894 INFO [http-nio-8080-exec-9] org.apache.catalina.core.StandardContext.reload Ha comenzado la recarga de Contexto [/alejandrows]
18-Oct-2023 04:28:47.175 INFO [http-nio-8080-exec-9] org.apache.jasper.servlet.TldScanner.scanJars Al menos un JAR, que se ha explorado buscando TLDs, aún no contenía TLDs. Activar historial de depuración para este historiador para una completa lista de los JARs que fueron explorados y de los que nos se halló TLDs. Saltarse JARs no necesarios durante la exploración puede dar lugar a una mejora de tiempo significativa en el arranque y compilación de JSP .
18-Oct-2023 04:28:47.219 INFO [http-nio-8080-exec-9] org.apache.catalina.core.StandardContext.reload Se ha completado la recarga de este Contexto
18-Oct-2023 04:28:56.595 INFO [http-nio-8080-exec-15] org.apache.catalina.startup.HostConfig.undeploy Repliegue (undeploy) de la aplicación web que tiene como trayectoria de contexto [/alejandrows]
18-Oct-2023 04:29:23.609 INFO [http-nio-8080-exec-24] org.apache.catalina.startup.HostConfig.deployDescriptor Desplieque del descriptor de configuración [C:\Users\evila\OneDrive\Desktop\ALEJANDRO WS\apache-tomcat-10.1.13\conf\Catalina\localhost\alejandrows.xml]
18-Oct-2023 04:29:23.609 WARNING [http-nio-8080-exec-24] org.apache.catalina.startup.HostConfig.deployDescriptor The path attribute with value [/alejandrows] in deployment descriptor [C:\Users\evila\OneDrive\Desktop\ALEJANDRO WS\apache-tomcat-10.1.13\conf\Catalina\localhost\alejandrows.xml] has been ignored
18-Oct-2023 04:29:25.026 INFO [http-nio-8080-exec-24] org.apache.jasper.servlet.TldScanner.scanJars Al menos un JAR, que se ha explorado buscando TLDs, aún no contenía TLDs. Activar historial de depuración para este historiador para una completa lista de los JARs que fueron explorados y de los que nos se halló TLDs. Saltarse JARs no necesarios durante la exploración puede dar lugar a una mejora de tiempo significativa en el arranque y compilación de JSP .
18-Oct-2023 04:29:25.062 INFO [http-nio-8080-exec-24] org.apache.catalina.startup.HostConfig.deployDescriptor Deployment of deployment descriptor [C:\Users\evila\OneDrive\Desktop\ALEJANDRO WS\apache-tomcat-10.1.13\conf\Catalina\localhost\alejandrows.xml] has finished in [1.453] ms
18-Oct-2023 04:29:25.068 INFO [http-nio-8080-exec-11] org.apache.catalina.util.LifecycleBase.start The start() method was called on component [StandardEngine[Catalina].StandardHost[localhost].StandardContext[/alejandrows]] after start() had already been called. The second call will be ignored.
18-Oct-2023 04:29:28.530 WARNING [http-nio-8080-exec-15] org.glassfish.jersey.server.wadl.WadlFeature.configure JAXBContext implementation could not be found. WADL feature is disabled.
18-Oct-2023 04:31:40.623 INFO [http-nio-8080-exec-26] org.apache.catalina.core.StandardContext.reload Ha comenzado la recarga de Contexto [/alejandrows]
18-Oct-2023 04:31:42.289 INFO [http-nio-8080-exec-26] org.apache.jasper.servlet.TldScanner.scanJars Al menos un JAR, que se ha explorado buscando TLDs, aún no contenía TLDs. Activar historial de depuración para este historiador para una completa lista de los JARs que fueron explorados y de los que nos se halló TLDs. Saltarse JARs no necesarios durante la exploración puede dar lugar a una mejora de tiempo significativa en el arranque y compilación de JSP .
18-Oct-2023 04:31:42.369 INFO [http-nio-8080-exec-26] org.apache.catalina.core.StandardContext.reload Se ha completado la recarga de este Contexto
18-Oct-2023 04:33:15.788 INFO [http-nio-8080-exec-25] org.apache.catalina.startup.HostConfig.undeploy Repliegue (undeploy) de la aplicación web que tiene como trayectoria de contexto [/alejandrows]
18-Oct-2023 04:33:24.142 INFO [http-nio-8080-exec-30] org.apache.catalina.startup.HostConfig.deployDescriptor Desplieque del descriptor de configuración [C:\Users\evila\OneDrive\Desktop\ALEJANDRO WS\apache-tomcat-10.1.13\conf\Catalina\localhost\alejandrows.xml]
18-Oct-2023 04:33:24.146 WARNING [http-nio-8080-exec-30] org.apache.catalina.startup.HostConfig.deployDescriptor The path attribute with value [/alejandrows] in deployment descriptor [C:\Users\evila\OneDrive\Desktop\ALEJANDRO WS\apache-tomcat-10.1.13\conf\Catalina\localhost\alejandrows.xml] has been ignored
18-Oct-2023 04:33:25.316 INFO [http-nio-8080-exec-30] org.apache.jasper.servlet.TldScanner.scanJars Al menos un JAR, que se ha explorado buscando TLDs, aún no contenía TLDs. Activar historial de depuración para este historiador para una completa lista de los JARs que fueron explorados y de los que nos se halló TLDs. Saltarse JARs no necesarios durante la exploración puede dar lugar a una mejora de tiempo significativa en el arranque y compilación de JSP .
18-Oct-2023 04:33:25.353 INFO [http-nio-8080-exec-30] org.apache.catalina.startup.HostConfig.deployDescriptor Deployment of deployment descriptor [C:\Users\evila\OneDrive\Desktop\ALEJANDRO WS\apache-tomcat-10.1.13\conf\Catalina\localhost\alejandrows.xml] has finished in [1.210] ms
18-Oct-2023 04:33:25.355 INFO [http-nio-8080-exec-25] org.apache.catalina.util.LifecycleBase.start The start() method was called on component [StandardEngine[Catalina].StandardHost[localhost].StandardContext[/alejandrows]] after start() had already been called. The second call will be ignored.
18-Oct-2023 04:33:28.506 WARNING [http-nio-8080-exec-37] org.glassfish.jersey.server.wadl.WadlFeature.configure JAXBContext implementation could not be found. WADL feature is disabled.
18-Oct-2023 04:37:29.134 INFO [http-nio-8080-exec-43] org.apache.jasper.servlet.TldScanner.scanJars Al menos un JAR, que se ha explorado buscando TLDs, aún no contenía TLDs. Activar historial de depuración para este historiador para una completa lista de los JARs que fueron explorados y de los que nos se halló TLDs. Saltarse JARs no necesarios durante la exploración puede dar lugar a una mejora de tiempo significativa en el arranque y compilación de JSP .
18-Oct-2023 04:37:34.266 INFO [Catalina-utility-1] org.apache.catalina.startup.HostConfig.reload Falló la recarga del contexto [/alejandrows]
18-Oct-2023 04:37:34.267 INFO [Catalina-utility-1] org.apache.catalina.core.StandardContext.reload Ha comenzado la recarga de Contexto [/alejandrows]
18-Oct-2023 04:37:36.683 INFO [Catalina-utility-1] org.apache.jasper.servlet.TldScanner.scanJars Al menos un JAR, que se ha explorado buscando TLDs, aún no contenía TLDs. Activar historial de depuración para este historiador para una completa lista de los JARs que fueron explorados y de los que nos se halló TLDs. Saltarse JARs no necesarios durante la exploración puede dar lugar a una mejora de tiempo significativa en el arranque y compilación de JSP .
18-Oct-2023 04:37:36.769 INFO [Catalina-utility-1] org.apache.catalina.core.StandardContext.reload Se ha completado la recarga de este Contexto
18-Oct-2023 04:39:51.272 INFO [http-nio-8080-exec-50] org.apache.jasper.servlet.TldScanner.scanJars Al menos un JAR, que se ha explorado buscando TLDs, aún no contenía TLDs. Activar historial de depuración para este historiador para una completa lista de los JARs que fueron explorados y de los que nos se halló TLDs. Saltarse JARs no necesarios durante la exploración puede dar lugar a una mejora de tiempo significativa en el arranque y compilación de JSP .
18-Oct-2023 04:39:56.999 INFO [Catalina-utility-2] org.apache.catalina.startup.HostConfig.reload Falló la recarga del contexto [/alejandrows]
18-Oct-2023 04:39:56.999 INFO [Catalina-utility-2] org.apache.catalina.core.StandardContext.reload Ha comenzado la recarga de Contexto [/alejandrows]
18-Oct-2023 04:39:58.414 INFO [Catalina-utility-2] org.apache.jasper.servlet.TldScanner.scanJars Al menos un JAR, que se ha explorado buscando TLDs, aún no contenía TLDs. Activar historial de depuración para este historiador para una completa lista de los JARs que fueron explorados y de los que nos se halló TLDs. Saltarse JARs no necesarios durante la exploración puede dar lugar a una mejora de tiempo significativa en el arranque y compilación de JSP .
18-Oct-2023 04:39:58.453 INFO [Catalina-utility-2] org.apache.catalina.core.StandardContext.reload Se ha completado la recarga de este Contexto
18-Oct-2023 04:57:00.338 INFO [http-nio-8080-exec-57] org.apache.catalina.core.StandardContext.reload Ha comenzado la recarga de Contexto [/alejandrows]
18-Oct-2023 04:57:02.128 INFO [http-nio-8080-exec-57] org.apache.jasper.servlet.TldScanner.scanJars Al menos un JAR, que se ha explorado buscando TLDs, aún no contenía TLDs. Activar historial de depuración para este historiador para una completa lista de los JARs que fueron explorados y de los que nos se halló TLDs. Saltarse JARs no necesarios durante la exploración puede dar lugar a una mejora de tiempo significativa en el arranque y compilación de JSP .
18-Oct-2023 04:57:02.177 INFO [http-nio-8080-exec-57] org.apache.catalina.core.StandardContext.reload Se ha completado la recarga de este Contexto
18-Oct-2023 04:57:08.955 INFO [http-nio-8080-exec-59] org.apache.catalina.startup.HostConfig.undeploy Repliegue (undeploy) de la aplicación web que tiene como trayectoria de contexto [/alejandrows]
18-Oct-2023 04:57:41.558 INFO [http-nio-8080-exec-56] org.apache.catalina.startup.HostConfig.deployDescriptor Desplieque del descriptor de configuración [C:\Users\evila\OneDrive\Desktop\ALEJANDRO WS\apache-tomcat-10.1.13\conf\Catalina\localhost\alejandrows.xml]
18-Oct-2023 04:57:41.561 WARNING [http-nio-8080-exec-56] org.apache.catalina.startup.HostConfig.deployDescriptor The path attribute with value [/alejandrows] in deployment descriptor [C:\Users\evila\OneDrive\Desktop\ALEJANDRO WS\apache-tomcat-10.1.13\conf\Catalina\localhost\alejandrows.xml] has been ignored
18-Oct-2023 04:57:43.046 INFO [http-nio-8080-exec-56] org.apache.jasper.servlet.TldScanner.scanJars Al menos un JAR, que se ha explorado buscando TLDs, aún no contenía TLDs. Activar historial de depuración para este historiador para una completa lista de los JARs que fueron explorados y de los que nos se halló TLDs. Saltarse JARs no necesarios durante la exploración puede dar lugar a una mejora de tiempo significativa en el arranque y compilación de JSP .
18-Oct-2023 04:57:43.089 INFO [http-nio-8080-exec-56] org.apache.catalina.startup.HostConfig.deployDescriptor Deployment of deployment descriptor [C:\Users\evila\OneDrive\Desktop\ALEJANDRO WS\apache-tomcat-10.1.13\conf\Catalina\localhost\alejandrows.xml] has finished in [1.531] ms
18-Oct-2023 04:57:43.094 INFO [http-nio-8080-exec-51] org.apache.catalina.util.LifecycleBase.start The start() method was called on component [StandardEngine[Catalina].StandardHost[localhost].StandardContext[/alejandrows]] after start() had already been called. The second call will be ignored.
18-Oct-2023 04:57:47.018 WARNING [http-nio-8080-exec-59] org.glassfish.jersey.server.wadl.WadlFeature.configure JAXBContext implementation could not be found. WADL feature is disabled.
18-Oct-2023 04:57:59.660 INFO [http-nio-8080-exec-66] org.apache.catalina.core.StandardContext.reload Ha comenzado la recarga de Contexto [/alejandrows]
18-Oct-2023 04:58:01.202 INFO [http-nio-8080-exec-66] org.apache.jasper.servlet.TldScanner.scanJars Al menos un JAR, que se ha explorado buscando TLDs, aún no contenía TLDs. Activar historial de depuración para este historiador para una completa lista de los JARs que fueron explorados y de los que nos se halló TLDs. Saltarse JARs no necesarios durante la exploración puede dar lugar a una mejora de tiempo significativa en el arranque y compilación de JSP .
18-Oct-2023 04:58:01.251 INFO [http-nio-8080-exec-66] org.apache.catalina.core.StandardContext.reload Se ha completado la recarga de este Contexto
18-Oct-2023 04:58:07.792 INFO [http-nio-8080-exec-49] org.apache.catalina.core.StandardContext.reload Ha comenzado la recarga de Contexto [/alejandrows]
18-Oct-2023 04:58:09.018 INFO [http-nio-8080-exec-49] org.apache.jasper.servlet.TldScanner.scanJars Al menos un JAR, que se ha explorado buscando TLDs, aún no contenía TLDs. Activar historial de depuración para este historiador para una completa lista de los JARs que fueron explorados y de los que nos se halló TLDs. Saltarse JARs no necesarios durante la exploración puede dar lugar a una mejora de tiempo significativa en el arranque y compilación de JSP .
18-Oct-2023 04:58:09.063 INFO [http-nio-8080-exec-49] org.apache.catalina.core.StandardContext.reload Se ha completado la recarga de este Contexto
18-Oct-2023 04:58:17.854 WARNING [http-nio-8080-exec-63] org.glassfish.jersey.server.wadl.WadlFeature.configure JAXBContext implementation could not be found. WADL feature is disabled.
18-Oct-2023 04:58:48.654 INFO [http-nio-8080-exec-72] org.apache.catalina.startup.HostConfig.undeploy Repliegue (undeploy) de la aplicación web que tiene como trayectoria de contexto [/alejandrows]
18-Oct-2023 04:59:24.649 INFO [http-nio-8080-exec-61] org.apache.catalina.startup.HostConfig.deployDescriptor Desplieque del descriptor de configuración [C:\Users\evila\OneDrive\Desktop\ALEJANDRO WS\apache-tomcat-10.1.13\conf\Catalina\localhost\alejandrows.xml]
18-Oct-2023 04:59:24.650 WARNING [http-nio-8080-exec-61] org.apache.catalina.startup.HostConfig.deployDescriptor The path attribute with value [/alejandrows] in deployment descriptor [C:\Users\evila\OneDrive\Desktop\ALEJANDRO WS\apache-tomcat-10.1.13\conf\Catalina\localhost\alejandrows.xml] has been ignored
18-Oct-2023 04:59:26.780 INFO [http-nio-8080-exec-61] org.apache.jasper.servlet.TldScanner.scanJars Al menos un JAR, que se ha explorado buscando TLDs, aún no contenía TLDs. Activar historial de depuración para este historiador para una completa lista de los JARs que fueron explorados y de los que nos se halló TLDs. Saltarse JARs no necesarios durante la exploración puede dar lugar a una mejora de tiempo significativa en el arranque y compilación de JSP .
18-Oct-2023 04:59:26.853 INFO [http-nio-8080-exec-61] org.apache.catalina.startup.HostConfig.deployDescriptor Deployment of deployment descriptor [C:\Users\evila\OneDrive\Desktop\ALEJANDRO WS\apache-tomcat-10.1.13\conf\Catalina\localhost\alejandrows.xml] has finished in [2.205] ms
18-Oct-2023 04:59:26.857 INFO [http-nio-8080-exec-72] org.apache.catalina.util.LifecycleBase.start The start() method was called on component [StandardEngine[Catalina].StandardHost[localhost].StandardContext[/alejandrows]] after start() had already been called. The second call will be ignored.
18-Oct-2023 04:59:55.244 WARNING [http-nio-8080-exec-79] org.glassfish.jersey.server.wadl.WadlFeature.configure JAXBContext implementation could not be found. WADL feature is disabled.
18-Oct-2023 05:03:36.722 INFO [http-nio-8080-exec-76] org.apache.catalina.core.StandardContext.reload Ha comenzado la recarga de Contexto [/alejandrows]
18-Oct-2023 05:03:38.302 INFO [http-nio-8080-exec-76] org.apache.jasper.servlet.TldScanner.scanJars Al menos un JAR, que se ha explorado buscando TLDs, aún no contenía TLDs. Activar historial de depuración para este historiador para una completa lista de los JARs que fueron explorados y de los que nos se halló TLDs. Saltarse JARs no necesarios durante la exploración puede dar lugar a una mejora de tiempo significativa en el arranque y compilación de JSP .
18-Oct-2023 05:03:38.372 INFO [http-nio-8080-exec-76] org.apache.catalina.core.StandardContext.reload Se ha completado la recarga de este Contexto
18-Oct-2023 05:03:44.360 INFO [http-nio-8080-exec-75] org.apache.catalina.core.StandardContext.reload Ha comenzado la recarga de Contexto [/alejandrows]
18-Oct-2023 05:03:45.944 INFO [http-nio-8080-exec-75] org.apache.jasper.servlet.TldScanner.scanJars Al menos un JAR, que se ha explorado buscando TLDs, aún no contenía TLDs. Activar historial de depuración para este historiador para una completa lista de los JARs que fueron explorados y de los que nos se halló TLDs. Saltarse JARs no necesarios durante la exploración puede dar lugar a una mejora de tiempo significativa en el arranque y compilación de JSP .
18-Oct-2023 05:03:45.996 INFO [http-nio-8080-exec-75] org.apache.catalina.core.StandardContext.reload Se ha completado la recarga de este Contexto
18-Oct-2023 05:04:01.350 INFO [http-nio-8080-exec-79] org.apache.catalina.core.StandardContext.reload Ha comenzado la recarga de Contexto [/alejandrows]
18-Oct-2023 05:04:02.938 INFO [http-nio-8080-exec-79] org.apache.jasper.servlet.TldScanner.scanJars Al menos un JAR, que se ha explorado buscando TLDs, aún no contenía TLDs. Activar historial de depuración para este historiador para una completa lista de los JARs que fueron explorados y de los que nos se halló TLDs. Saltarse JARs no necesarios durante la exploración puede dar lugar a una mejora de tiempo significativa en el arranque y compilación de JSP .
18-Oct-2023 05:04:02.990 INFO [http-nio-8080-exec-79] org.apache.catalina.core.StandardContext.reload Se ha completado la recarga de este Contexto
18-Oct-2023 05:04:12.775 INFO [http-nio-8080-exec-80] org.apache.catalina.core.StandardContext.reload Ha comenzado la recarga de Contexto [/alejandrows]
18-Oct-2023 05:04:14.177 INFO [http-nio-8080-exec-80] org.apache.jasper.servlet.TldScanner.scanJars Al menos un JAR, que se ha explorado buscando TLDs, aún no contenía TLDs. Activar historial de depuración para este historiador para una completa lista de los JARs que fueron explorados y de los que nos se halló TLDs. Saltarse JARs no necesarios durante la exploración puede dar lugar a una mejora de tiempo significativa en el arranque y compilación de JSP .
18-Oct-2023 05:04:14.219 INFO [http-nio-8080-exec-80] org.apache.catalina.core.StandardContext.reload Se ha completado la recarga de este Contexto
18-Oct-2023 05:04:17.205 WARNING [http-nio-8080-exec-85] org.glassfish.jersey.server.wadl.WadlFeature.configure JAXBContext implementation could not be found. WADL feature is disabled.
18-Oct-2023 05:08:17.461 INFO [http-nio-8080-exec-92] org.apache.catalina.core.StandardContext.reload Ha comenzado la recarga de Contexto [/alejandrows]
18-Oct-2023 05:08:18.962 INFO [http-nio-8080-exec-92] org.apache.jasper.servlet.TldScanner.scanJars Al menos un JAR, que se ha explorado buscando TLDs, aún no contenía TLDs. Activar historial de depuración para este historiador para una completa lista de los JARs que fueron explorados y de los que nos se halló TLDs. Saltarse JARs no necesarios durante la exploración puede dar lugar a una mejora de tiempo significativa en el arranque y compilación de JSP .
18-Oct-2023 05:08:19.006 INFO [http-nio-8080-exec-92] org.apache.catalina.core.StandardContext.reload Se ha completado la recarga de este Contexto
18-Oct-2023 05:08:25.738 INFO [http-nio-8080-exec-96] org.apache.catalina.core.StandardContext.reload Ha comenzado la recarga de Contexto [/alejandrows]
18-Oct-2023 05:08:27.220 INFO [http-nio-8080-exec-96] org.apache.jasper.servlet.TldScanner.scanJars Al menos un JAR, que se ha explorado buscando TLDs, aún no contenía TLDs. Activar historial de depuración para este historiador para una completa lista de los JARs que fueron explorados y de los que nos se halló TLDs. Saltarse JARs no necesarios durante la exploración puede dar lugar a una mejora de tiempo significativa en el arranque y compilación de JSP .
18-Oct-2023 05:08:27.292 INFO [http-nio-8080-exec-96] org.apache.catalina.core.StandardContext.reload Se ha completado la recarga de este Contexto
18-Oct-2023 05:08:41.619 INFO [http-nio-8080-exec-94] org.apache.catalina.core.StandardContext.reload Ha comenzado la recarga de Contexto [/alejandrows]
18-Oct-2023 05:08:43.238 INFO [http-nio-8080-exec-94] org.apache.jasper.servlet.TldScanner.scanJars Al menos un JAR, que se ha explorado buscando TLDs, aún no contenía TLDs. Activar historial de depuración para este historiador para una completa lista de los JARs que fueron explorados y de los que nos se halló TLDs. Saltarse JARs no necesarios durante la exploración puede dar lugar a una mejora de tiempo significativa en el arranque y compilación de JSP .
18-Oct-2023 05:08:43.278 INFO [http-nio-8080-exec-94] org.apache.catalina.core.StandardContext.reload Se ha completado la recarga de este Contexto
18-Oct-2023 05:08:44.062 INFO [http-nio-8080-exec-91] org.apache.catalina.core.StandardContext.reload Ha comenzado la recarga de Contexto [/alejandrows]
18-Oct-2023 05:08:45.363 INFO [http-nio-8080-exec-91] org.apache.jasper.servlet.TldScanner.scanJars Al menos un JAR, que se ha explorado buscando TLDs, aún no contenía TLDs. Activar historial de depuración para este historiador para una completa lista de los JARs que fueron explorados y de los que nos se halló TLDs. Saltarse JARs no necesarios durante la exploración puede dar lugar a una mejora de tiempo significativa en el arranque y compilación de JSP .
18-Oct-2023 05:08:45.408 INFO [http-nio-8080-exec-91] org.apache.catalina.core.StandardContext.reload Se ha completado la recarga de este Contexto
18-Oct-2023 05:08:51.384 WARNING [http-nio-8080-exec-93] org.glassfish.jersey.server.wadl.WadlFeature.configure JAXBContext implementation could not be found. WADL feature is disabled.
18-Oct-2023 05:09:39.399 INFO [http-nio-8080-exec-97] org.apache.catalina.core.StandardContext.reload Ha comenzado la recarga de Contexto [/alejandrows]
18-Oct-2023 05:09:40.841 INFO [http-nio-8080-exec-97] org.apache.jasper.servlet.TldScanner.scanJars Al menos un JAR, que se ha explorado buscando TLDs, aún no contenía TLDs. Activar historial de depuración para este historiador para una completa lista de los JARs que fueron explorados y de los que nos se halló TLDs. Saltarse JARs no necesarios durante la exploración puede dar lugar a una mejora de tiempo significativa en el arranque y compilación de JSP .
18-Oct-2023 05:09:40.880 INFO [http-nio-8080-exec-97] org.apache.catalina.core.StandardContext.reload Se ha completado la recarga de este Contexto
18-Oct-2023 05:09:50.087 INFO [http-nio-8080-exec-110] org.apache.catalina.startup.HostConfig.undeploy Repliegue (undeploy) de la aplicación web que tiene como trayectoria de contexto [/alejandrows]
18-Oct-2023 05:09:58.464 INFO [http-nio-8080-exec-112] org.apache.catalina.startup.HostConfig.deployDescriptor Desplieque del descriptor de configuración [C:\Users\evila\OneDrive\Desktop\ALEJANDRO WS\apache-tomcat-10.1.13\conf\Catalina\localhost\alejandrows.xml]
18-Oct-2023 05:09:58.469 WARNING [http-nio-8080-exec-112] org.apache.catalina.startup.HostConfig.deployDescriptor The path attribute with value [/alejandrows] in deployment descriptor [C:\Users\evila\OneDrive\Desktop\ALEJANDRO WS\apache-tomcat-10.1.13\conf\Catalina\localhost\alejandrows.xml] has been ignored
18-Oct-2023 05:09:59.954 INFO [http-nio-8080-exec-112] org.apache.jasper.servlet.TldScanner.scanJars Al menos un JAR, que se ha explorado buscando TLDs, aún no contenía TLDs. Activar historial de depuración para este historiador para una completa lista de los JARs que fueron explorados y de los que nos se halló TLDs. Saltarse JARs no necesarios durante la exploración puede dar lugar a una mejora de tiempo significativa en el arranque y compilación de JSP .
18-Oct-2023 05:09:59.996 INFO [http-nio-8080-exec-112] org.apache.catalina.startup.HostConfig.deployDescriptor Deployment of deployment descriptor [C:\Users\evila\OneDrive\Desktop\ALEJANDRO WS\apache-tomcat-10.1.13\conf\Catalina\localhost\alejandrows.xml] has finished in [1.532] ms
18-Oct-2023 05:10:00.001 INFO [http-nio-8080-exec-90] org.apache.catalina.util.LifecycleBase.start The start() method was called on component [StandardEngine[Catalina].StandardHost[localhost].StandardContext[/alejandrows]] after start() had already been called. The second call will be ignored.
18-Oct-2023 05:10:04.173 WARNING [http-nio-8080-exec-104] org.glassfish.jersey.server.wadl.WadlFeature.configure JAXBContext implementation could not be found. WADL feature is disabled.
18-Oct-2023 05:15:19.901 INFO [main] org.apache.catalina.core.StandardServer.await Se ha recibido un comando de apagado a través del puerto de apagado. Parando la instancia del Servidor.
18-Oct-2023 05:15:19.901 INFO [main] org.apache.coyote.AbstractProtocol.pause Pausing ProtocolHandler ["http-nio-8080"]
18-Oct-2023 05:15:19.917 INFO [main] org.apache.catalina.core.StandardService.stopInternal Parando servicio [Catalina]
18-Oct-2023 05:15:19.955 INFO [main] org.apache.coyote.AbstractProtocol.stop Stopping ProtocolHandler ["http-nio-8080"]
18-Oct-2023 05:15:19.966 INFO [main] org.apache.coyote.AbstractProtocol.destroy Destroying ProtocolHandler ["http-nio-8080"]
18-Oct-2023 05:20:19.531 INFO [main] org.apache.catalina.startup.VersionLoggerListener.log Nombre de la versión del servidor: Apache Tomcat/10.1.13
18-Oct-2023 05:20:19.545 INFO [main] org.apache.catalina.startup.VersionLoggerListener.log Server built:                      Aug 23 2023 21:34:59 UTC
18-Oct-2023 05:20:19.545 INFO [main] org.apache.catalina.startup.VersionLoggerListener.log Número de versión de servidor:     10.1.13.0
18-Oct-2023 05:20:19.545 INFO [main] org.apache.catalina.startup.VersionLoggerListener.log OS Name:                           Windows 11
18-Oct-2023 05:20:19.546 INFO [main] org.apache.catalina.startup.VersionLoggerListener.log Versión de Systema Operativo:      10.0
18-Oct-2023 05:20:19.547 INFO [main] org.apache.catalina.startup.VersionLoggerListener.log Arquitectura:                      amd64
18-Oct-2023 05:20:19.548 INFO [main] org.apache.catalina.startup.VersionLoggerListener.log Java Home:                         C:\Program Files\Java\jdk-20
18-Oct-2023 05:20:19.549 INFO [main] org.apache.catalina.startup.VersionLoggerListener.log JVM Version:                       20.0.1+9-29
18-Oct-2023 05:20:19.549 INFO [main] org.apache.catalina.startup.VersionLoggerListener.log Vededor JVM:                       Oracle Corporation
18-Oct-2023 05:20:19.550 INFO [main] org.apache.catalina.startup.VersionLoggerListener.log CATALINA_BASE:                     C:\Users\evila\OneDrive\Desktop\ALEJANDRO WS\apache-tomcat-10.1.13
18-Oct-2023 05:20:19.550 INFO [main] org.apache.catalina.startup.VersionLoggerListener.log CATALINA_HOME:                     C:\Users\evila\OneDrive\Desktop\ALEJANDRO WS\apache-tomcat-10.1.13
18-Oct-2023 05:20:19.596 INFO [main] org.apache.catalina.startup.VersionLoggerListener.log Command line argument:             -Djava.util.logging.config.file=C:\Users\evila\OneDrive\Desktop\ALEJANDRO WS\apache-tomcat-10.1.13\conf\logging.properties
18-Oct-2023 05:20:19.597 INFO [main] org.apache.catalina.startup.VersionLoggerListener.log Command line argument:             -Djava.util.logging.manager=org.apache.juli.ClassLoaderLogManager
18-Oct-2023 05:20:19.597 INFO [main] org.apache.catalina.startup.VersionLoggerListener.log Command line argument:             -Djdk.tls.ephemeralDHKeySize=2048
18-Oct-2023 05:20:19.597 INFO [main] org.apache.catalina.startup.VersionLoggerListener.log Command line argument:             -Djava.protocol.handler.pkgs=org.apache.catalina.webresources
18-Oct-2023 05:20:19.598 INFO [main] org.apache.catalina.startup.VersionLoggerListener.log Command line argument:             --add-opens=java.base/java.lang=ALL-UNNAMED
18-Oct-2023 05:20:19.598 INFO [main] org.apache.catalina.startup.VersionLoggerListener.log Command line argument:             --add-opens=java.base/java.io=ALL-UNNAMED
18-Oct-2023 05:20:19.598 INFO [main] org.apache.catalina.startup.VersionLoggerListener.log Command line argument:             --add-opens=java.base/java.util=ALL-UNNAMED
18-Oct-2023 05:20:19.598 INFO [main] org.apache.catalina.startup.VersionLoggerListener.log Command line argument:             --add-opens=java.base/java.util.concurrent=ALL-UNNAMED
18-Oct-2023 05:20:19.599 INFO [main] org.apache.catalina.startup.VersionLoggerListener.log Command line argument:             --add-opens=java.rmi/sun.rmi.transport=ALL-UNNAMED
18-Oct-2023 05:20:19.599 INFO [main] org.apache.catalina.startup.VersionLoggerListener.log Command line argument:             -Dcatalina.base=C:\Users\evila\OneDrive\Desktop\ALEJANDRO WS\apache-tomcat-10.1.13
18-Oct-2023 05:20:19.599 INFO [main] org.apache.catalina.startup.VersionLoggerListener.log Command line argument:             -Dcatalina.home=C:\Users\evila\OneDrive\Desktop\ALEJANDRO WS\apache-tomcat-10.1.13
18-Oct-2023 05:20:19.600 INFO [main] org.apache.catalina.startup.VersionLoggerListener.log Command line argument:             -Djava.io.tmpdir=C:\Users\evila\OneDrive\Desktop\ALEJANDRO WS\apache-tomcat-10.1.13\temp
18-Oct-2023 05:20:19.655 INFO [main] org.apache.catalina.core.AprLifecycleListener.lifecycleEvent La biblioteca nativa de Apache Tomcat basada en ARP que permite un rendimiento óptimo en entornos de desarrollo no ha sido hallada en java.library.path: [C:\Program Files\Java\jdk-20\bin;C:\WINDOWS\Sun\Java\bin;C:\WINDOWS\system32;C:\WINDOWS;C:\Program Files\BellSoft\LibericaJDK-17-Full\bin\;C:\Program Files\Eclipse Adoptium\jdk-8.0.382.5-hotspot\bin;C:\Python311\Scripts\;C:\Python311\;C:\Program Files\Common Files\Oracle\Java\javapath;C:\WINDOWS\system32;C:\WINDOWS;C:\WINDOWS\System32\Wbem;C:\WINDOWS\System32\WindowsPowerShell\v1.0\;C:\WINDOWS\System32\OpenSSH\;C:\ProgramData\chocolatey\bin;C:\Program Files\Git\cmd;C:\Users\evila\AppData\Roaming\nvm;C:\Program Files\nodejs;C:\Program Files\Docker\Docker\resources\bin;C:\Program Files\apache-maven-3.9.4\bin;C:\Program Files\MySQL\MySQL Shell 8.1\bin\;C:\Users\evila\.cargo\bin;C:\Users\evila\AppData\Local\Microsoft\WindowsApps;C:\Users\evila\AppData\Local\Programs\Microsoft VS Code\bin;C:\Users\evila\AppData\Roaming\npm;C:\Users\evila\AppData\Roaming\nvm;C:\Program Files\nodejs;C:\Users\evila\AppData\Local\Programs\oh-my-posh\bin;C:\Program Files\JetBrains\IntelliJ IDEA 2023.2.2\bin;;C:\Program Files\JetBrains\WebStorm 2023.2.2\bin;;;.]
18-Oct-2023 05:20:20.599 INFO [main] org.apache.coyote.AbstractProtocol.init Inicializando el manejador de protocolo ["http-nio-8080"]

18-Oct-2023 05:20:20.656 INFO [main] org.apache.catalina.startup.Catalina.load Server initialization in [1937] milliseconds
18-Oct-2023 05:20:20.848 INFO [main] org.apache.catalina.core.StandardService.startInternal Arrancando servicio [Catalina]
18-Oct-2023 05:20:20.848 INFO [main] org.apache.catalina.core.StandardEngine.startInternal Starting Servlet engine: [Apache Tomcat/10.1.13]
18-Oct-2023 05:20:20.900 INFO [main] org.apache.catalina.startup.HostConfig.deployDescriptor Desplieque del descriptor de configuración [C:\Users\evila\OneDrive\Desktop\ALEJANDRO WS\apache-tomcat-10.1.13\conf\Catalina\localhost\alejandrows.xml]
18-Oct-2023 05:20:20.999 WARNING [main] org.apache.catalina.startup.HostConfig.deployDescriptor The path attribute with value [/alejandrows] in deployment descriptor [C:\Users\evila\OneDrive\Desktop\ALEJANDRO WS\apache-tomcat-10.1.13\conf\Catalina\localhost\alejandrows.xml] has been ignored
18-Oct-2023 05:20:24.369 INFO [main] org.apache.jasper.servlet.TldScanner.scanJars Al menos un JAR, que se ha explorado buscando TLDs, aún no contenía TLDs. Activar historial de depuración para este historiador para una completa lista de los JARs que fueron explorados y de los que nos se halló TLDs. Saltarse JARs no necesarios durante la exploración puede dar lugar a una mejora de tiempo significativa en el arranque y compilación de JSP .
18-Oct-2023 05:20:24.642 INFO [main] org.apache.catalina.startup.HostConfig.deployDescriptor Deployment of deployment descriptor [C:\Users\evila\OneDrive\Desktop\ALEJANDRO WS\apache-tomcat-10.1.13\conf\Catalina\localhost\alejandrows.xml] has finished in [3.735] ms
18-Oct-2023 05:20:24.643 INFO [main] org.apache.catalina.startup.HostConfig.deployDirectory Desplegando el directorio [C:\Users\evila\OneDrive\Desktop\ALEJANDRO WS\apache-tomcat-10.1.13\webapps\docs] de la aplicación web
18-Oct-2023 05:20:24.747 INFO [main] org.apache.catalina.startup.HostConfig.deployDirectory Deployment of web application directory [C:\Users\evila\OneDrive\Desktop\ALEJANDRO WS\apache-tomcat-10.1.13\webapps\docs] has finished in [104] ms
18-Oct-2023 05:20:24.748 INFO [main] org.apache.catalina.startup.HostConfig.deployDirectory Desplegando el directorio [C:\Users\evila\OneDrive\Desktop\ALEJANDRO WS\apache-tomcat-10.1.13\webapps\examples] de la aplicación web
18-Oct-2023 05:20:25.908 INFO [main] org.apache.catalina.startup.HostConfig.deployDirectory Deployment of web application directory [C:\Users\evila\OneDrive\Desktop\ALEJANDRO WS\apache-tomcat-10.1.13\webapps\examples] has finished in [1.160] ms
18-Oct-2023 05:20:25.908 INFO [main] org.apache.catalina.startup.HostConfig.deployDirectory Desplegando el directorio [C:\Users\evila\OneDrive\Desktop\ALEJANDRO WS\apache-tomcat-10.1.13\webapps\host-manager] de la aplicación web
18-Oct-2023 05:20:26.046 INFO [main] org.apache.catalina.startup.HostConfig.deployDirectory Deployment of web application directory [C:\Users\evila\OneDrive\Desktop\ALEJANDRO WS\apache-tomcat-10.1.13\webapps\host-manager] has finished in [137] ms
18-Oct-2023 05:20:26.047 INFO [main] org.apache.catalina.startup.HostConfig.deployDirectory Desplegando el directorio [C:\Users\evila\OneDrive\Desktop\ALEJANDRO WS\apache-tomcat-10.1.13\webapps\manager] de la aplicación web
18-Oct-2023 05:20:26.181 INFO [main] org.apache.catalina.startup.HostConfig.deployDirectory Deployment of web application directory [C:\Users\evila\OneDrive\Desktop\ALEJANDRO WS\apache-tomcat-10.1.13\webapps\manager] has finished in [134] ms
18-Oct-2023 05:20:26.181 INFO [main] org.apache.catalina.startup.HostConfig.deployDirectory Desplegando el directorio [C:\Users\evila\OneDrive\Desktop\ALEJANDRO WS\apache-tomcat-10.1.13\webapps\ROOT] de la aplicación web
18-Oct-2023 05:20:26.272 INFO [main] org.apache.catalina.startup.HostConfig.deployDirectory Deployment of web application directory [C:\Users\evila\OneDrive\Desktop\ALEJANDRO WS\apache-tomcat-10.1.13\webapps\ROOT] has finished in [90] ms
18-Oct-2023 05:20:26.279 INFO [main] org.apache.coyote.AbstractProtocol.start Starting ProtocolHandler ["http-nio-8080"]
18-Oct-2023 05:20:26.390 INFO [main] org.apache.catalina.startup.Catalina.start Server startup in [5730] milliseconds
18-Oct-2023 05:20:29.474 INFO [http-nio-8080-exec-10] org.apache.catalina.startup.HostConfig.undeploy Repliegue (undeploy) de la aplicación web que tiene como trayectoria de contexto [/alejandrows]
18-Oct-2023 05:20:29.495 INFO [http-nio-8080-exec-2] org.apache.catalina.startup.HostConfig.deployDescriptor Desplieque del descriptor de configuración [C:\Users\evila\OneDrive\Desktop\ALEJANDRO WS\apache-tomcat-10.1.13\conf\Catalina\localhost\alejandrows.xml]
18-Oct-2023 05:20:29.498 WARNING [http-nio-8080-exec-2] org.apache.catalina.startup.HostConfig.deployDescriptor The path attribute with value [/alejandrows] in deployment descriptor [C:\Users\evila\OneDrive\Desktop\ALEJANDRO WS\apache-tomcat-10.1.13\conf\Catalina\localhost\alejandrows.xml] has been ignored
18-Oct-2023 05:20:31.544 INFO [http-nio-8080-exec-2] org.apache.jasper.servlet.TldScanner.scanJars Al menos un JAR, que se ha explorado buscando TLDs, aún no contenía TLDs. Activar historial de depuración para este historiador para una completa lista de los JARs que fueron explorados y de los que nos se halló TLDs. Saltarse JARs no necesarios durante la exploración puede dar lugar a una mejora de tiempo significativa en el arranque y compilación de JSP .
18-Oct-2023 05:20:31.619 INFO [http-nio-8080-exec-2] org.apache.catalina.startup.HostConfig.deployDescriptor Deployment of deployment descriptor [C:\Users\evila\OneDrive\Desktop\ALEJANDRO WS\apache-tomcat-10.1.13\conf\Catalina\localhost\alejandrows.xml] has finished in [2.124] ms
18-Oct-2023 05:20:35.756 WARNING [http-nio-8080-exec-1] org.glassfish.jersey.server.wadl.WadlFeature.configure JAXBContext implementation could not be found. WADL feature is disabled.
18-Oct-2023 05:22:20.343 INFO [http-nio-8080-exec-12] org.apache.catalina.core.StandardContext.reload Ha comenzado la recarga de Contexto [/alejandrows]
18-Oct-2023 05:22:22.419 INFO [http-nio-8080-exec-12] org.apache.jasper.servlet.TldScanner.scanJars Al menos un JAR, que se ha explorado buscando TLDs, aún no contenía TLDs. Activar historial de depuración para este historiador para una completa lista de los JARs que fueron explorados y de los que nos se halló TLDs. Saltarse JARs no necesarios durante la exploración puede dar lugar a una mejora de tiempo significativa en el arranque y compilación de JSP .
18-Oct-2023 05:22:22.480 INFO [http-nio-8080-exec-12] org.apache.catalina.core.StandardContext.reload Se ha completado la recarga de este Contexto
18-Oct-2023 05:22:23.638 INFO [http-nio-8080-exec-16] org.apache.catalina.core.StandardContext.reload Ha comenzado la recarga de Contexto [/alejandrows]
18-Oct-2023 05:22:25.669 INFO [http-nio-8080-exec-16] org.apache.jasper.servlet.TldScanner.scanJars Al menos un JAR, que se ha explorado buscando TLDs, aún no contenía TLDs. Activar historial de depuración para este historiador para una completa lista de los JARs que fueron explorados y de los que nos se halló TLDs. Saltarse JARs no necesarios durante la exploración puede dar lugar a una mejora de tiempo significativa en el arranque y compilación de JSP .
18-Oct-2023 05:22:25.760 INFO [http-nio-8080-exec-16] org.apache.catalina.core.StandardContext.reload Se ha completado la recarga de este Contexto
18-Oct-2023 05:22:35.338 INFO [http-nio-8080-exec-15] org.apache.catalina.core.StandardContext.reload Ha comenzado la recarga de Contexto [/alejandrows]
18-Oct-2023 05:22:37.307 INFO [http-nio-8080-exec-15] org.apache.jasper.servlet.TldScanner.scanJars Al menos un JAR, que se ha explorado buscando TLDs, aún no contenía TLDs. Activar historial de depuración para este historiador para una completa lista de los JARs que fueron explorados y de los que nos se halló TLDs. Saltarse JARs no necesarios durante la exploración puede dar lugar a una mejora de tiempo significativa en el arranque y compilación de JSP .
18-Oct-2023 05:22:37.392 INFO [http-nio-8080-exec-15] org.apache.catalina.core.StandardContext.reload Se ha completado la recarga de este Contexto
18-Oct-2023 05:22:38.664 INFO [http-nio-8080-exec-21] org.apache.catalina.core.StandardContext.reload Ha comenzado la recarga de Contexto [/alejandrows]
18-Oct-2023 05:22:40.251 INFO [http-nio-8080-exec-21] org.apache.jasper.servlet.TldScanner.scanJars Al menos un JAR, que se ha explorado buscando TLDs, aún no contenía TLDs. Activar historial de depuración para este historiador para una completa lista de los JARs que fueron explorados y de los que nos se halló TLDs. Saltarse JARs no necesarios durante la exploración puede dar lugar a una mejora de tiempo significativa en el arranque y compilación de JSP .
18-Oct-2023 05:22:40.314 INFO [http-nio-8080-exec-21] org.apache.catalina.core.StandardContext.reload Se ha completado la recarga de este Contexto
18-Oct-2023 05:22:41.992 INFO [http-nio-8080-exec-24] org.apache.catalina.core.StandardContext.reload Ha comenzado la recarga de Contexto [/alejandrows]
18-Oct-2023 05:22:43.917 INFO [http-nio-8080-exec-24] org.apache.jasper.servlet.TldScanner.scanJars Al menos un JAR, que se ha explorado buscando TLDs, aún no contenía TLDs. Activar historial de depuración para este historiador para una completa lista de los JARs que fueron explorados y de los que nos se halló TLDs. Saltarse JARs no necesarios durante la exploración puede dar lugar a una mejora de tiempo significativa en el arranque y compilación de JSP .
18-Oct-2023 05:22:43.995 INFO [http-nio-8080-exec-24] org.apache.catalina.core.StandardContext.reload Se ha completado la recarga de este Contexto
18-Oct-2023 05:22:48.449 INFO [http-nio-8080-exec-22] org.apache.catalina.core.StandardContext.reload Ha comenzado la recarga de Contexto [/alejandrows]
18-Oct-2023 05:22:50.064 INFO [http-nio-8080-exec-22] org.apache.jasper.servlet.TldScanner.scanJars Al menos un JAR, que se ha explorado buscando TLDs, aún no contenía TLDs. Activar historial de depuración para este historiador para una completa lista de los JARs que fueron explorados y de los que nos se halló TLDs. Saltarse JARs no necesarios durante la exploración puede dar lugar a una mejora de tiempo significativa en el arranque y compilación de JSP .
18-Oct-2023 05:22:50.124 INFO [http-nio-8080-exec-22] org.apache.catalina.core.StandardContext.reload Se ha completado la recarga de este Contexto
18-Oct-2023 05:22:51.200 INFO [http-nio-8080-exec-29] org.apache.catalina.startup.HostConfig.undeploy Repliegue (undeploy) de la aplicación web que tiene como trayectoria de contexto [/alejandrows]
18-Oct-2023 05:23:13.985 INFO [main] org.apache.catalina.core.StandardServer.await Se ha recibido un comando de apagado a través del puerto de apagado. Parando la instancia del Servidor.
18-Oct-2023 05:23:13.986 INFO [main] org.apache.coyote.AbstractProtocol.pause Pausing ProtocolHandler ["http-nio-8080"]
18-Oct-2023 05:23:14.001 INFO [main] org.apache.catalina.core.StandardService.stopInternal Parando servicio [Catalina]
18-Oct-2023 05:23:14.027 INFO [main] org.apache.coyote.AbstractProtocol.stop Stopping ProtocolHandler ["http-nio-8080"]
18-Oct-2023 05:23:14.037 INFO [main] org.apache.coyote.AbstractProtocol.destroy Destroying ProtocolHandler ["http-nio-8080"]
18-Oct-2023 05:25:27.728 INFO [main] org.apache.catalina.startup.VersionLoggerListener.log Nombre de la versión del servidor: Apache Tomcat/10.1.13
18-Oct-2023 05:25:27.734 INFO [main] org.apache.catalina.startup.VersionLoggerListener.log Server built:                      Aug 23 2023 21:34:59 UTC
18-Oct-2023 05:25:27.735 INFO [main] org.apache.catalina.startup.VersionLoggerListener.log Número de versión de servidor:     10.1.13.0
18-Oct-2023 05:25:27.736 INFO [main] org.apache.catalina.startup.VersionLoggerListener.log OS Name:                           Windows 11
18-Oct-2023 05:25:27.736 INFO [main] org.apache.catalina.startup.VersionLoggerListener.log Versión de Systema Operativo:      10.0
18-Oct-2023 05:25:27.736 INFO [main] org.apache.catalina.startup.VersionLoggerListener.log Arquitectura:                      amd64
18-Oct-2023 05:25:27.736 INFO [main] org.apache.catalina.startup.VersionLoggerListener.log Java Home:                         C:\Program Files\Java\jdk-20
18-Oct-2023 05:25:27.737 INFO [main] org.apache.catalina.startup.VersionLoggerListener.log JVM Version:                       20.0.1+9-29
18-Oct-2023 05:25:27.737 INFO [main] org.apache.catalina.startup.VersionLoggerListener.log Vededor JVM:                       Oracle Corporation
18-Oct-2023 05:25:27.738 INFO [main] org.apache.catalina.startup.VersionLoggerListener.log CATALINA_BASE:                     C:\Users\evila\OneDrive\Desktop\ALEJANDRO WS\apache-tomcat-10.1.13
18-Oct-2023 05:25:27.738 INFO [main] org.apache.catalina.startup.VersionLoggerListener.log CATALINA_HOME:                     C:\Users\evila\OneDrive\Desktop\ALEJANDRO WS\apache-tomcat-10.1.13
18-Oct-2023 05:25:27.756 INFO [main] org.apache.catalina.startup.VersionLoggerListener.log Command line argument:             -Djava.util.logging.config.file=C:\Users\evila\OneDrive\Desktop\ALEJANDRO WS\apache-tomcat-10.1.13\conf\logging.properties
18-Oct-2023 05:25:27.757 INFO [main] org.apache.catalina.startup.VersionLoggerListener.log Command line argument:             -Djava.util.logging.manager=org.apache.juli.ClassLoaderLogManager
18-Oct-2023 05:25:27.757 INFO [main] org.apache.catalina.startup.VersionLoggerListener.log Command line argument:             -Djdk.tls.ephemeralDHKeySize=2048
18-Oct-2023 05:25:27.757 INFO [main] org.apache.catalina.startup.VersionLoggerListener.log Command line argument:             -Djava.protocol.handler.pkgs=org.apache.catalina.webresources
18-Oct-2023 05:25:27.757 INFO [main] org.apache.catalina.startup.VersionLoggerListener.log Command line argument:             --add-opens=java.base/java.lang=ALL-UNNAMED
18-Oct-2023 05:25:27.757 INFO [main] org.apache.catalina.startup.VersionLoggerListener.log Command line argument:             --add-opens=java.base/java.io=ALL-UNNAMED
18-Oct-2023 05:25:27.757 INFO [main] org.apache.catalina.startup.VersionLoggerListener.log Command line argument:             --add-opens=java.base/java.util=ALL-UNNAMED
18-Oct-2023 05:25:27.757 INFO [main] org.apache.catalina.startup.VersionLoggerListener.log Command line argument:             --add-opens=java.base/java.util.concurrent=ALL-UNNAMED
18-Oct-2023 05:25:27.757 INFO [main] org.apache.catalina.startup.VersionLoggerListener.log Command line argument:             --add-opens=java.rmi/sun.rmi.transport=ALL-UNNAMED
18-Oct-2023 05:25:27.757 INFO [main] org.apache.catalina.startup.VersionLoggerListener.log Command line argument:             -Dcatalina.base=C:\Users\evila\OneDrive\Desktop\ALEJANDRO WS\apache-tomcat-10.1.13
18-Oct-2023 05:25:27.757 INFO [main] org.apache.catalina.startup.VersionLoggerListener.log Command line argument:             -Dcatalina.home=C:\Users\evila\OneDrive\Desktop\ALEJANDRO WS\apache-tomcat-10.1.13
18-Oct-2023 05:25:27.757 INFO [main] org.apache.catalina.startup.VersionLoggerListener.log Command line argument:             -Djava.io.tmpdir=C:\Users\evila\OneDrive\Desktop\ALEJANDRO WS\apache-tomcat-10.1.13\temp
18-Oct-2023 05:25:27.772 INFO [main] org.apache.catalina.core.AprLifecycleListener.lifecycleEvent La biblioteca nativa de Apache Tomcat basada en ARP que permite un rendimiento óptimo en entornos de desarrollo no ha sido hallada en java.library.path: [C:\Program Files\Java\jdk-20\bin;C:\WINDOWS\Sun\Java\bin;C:\WINDOWS\system32;C:\WINDOWS;C:\Program Files\BellSoft\LibericaJDK-17-Full\bin\;C:\Program Files\Eclipse Adoptium\jdk-8.0.382.5-hotspot\bin;C:\Python311\Scripts\;C:\Python311\;C:\Program Files\Common Files\Oracle\Java\javapath;C:\WINDOWS\system32;C:\WINDOWS;C:\WINDOWS\System32\Wbem;C:\WINDOWS\System32\WindowsPowerShell\v1.0\;C:\WINDOWS\System32\OpenSSH\;C:\ProgramData\chocolatey\bin;C:\Program Files\Git\cmd;C:\Users\evila\AppData\Roaming\nvm;C:\Program Files\nodejs;C:\Program Files\Docker\Docker\resources\bin;C:\Program Files\apache-maven-3.9.4\bin;C:\Program Files\MySQL\MySQL Shell 8.1\bin\;C:\Users\evila\.cargo\bin;C:\Users\evila\AppData\Local\Microsoft\WindowsApps;C:\Users\evila\AppData\Local\Programs\Microsoft VS Code\bin;C:\Users\evila\AppData\Roaming\npm;C:\Users\evila\AppData\Roaming\nvm;C:\Program Files\nodejs;C:\Users\evila\AppData\Local\Programs\oh-my-posh\bin;C:\Program Files\JetBrains\IntelliJ IDEA 2023.2.2\bin;;C:\Program Files\JetBrains\WebStorm 2023.2.2\bin;;;.]
18-Oct-2023 05:25:28.453 INFO [main] org.apache.coyote.AbstractProtocol.init Inicializando el manejador de protocolo ["http-nio-8080"]

18-Oct-2023 05:25:28.582 INFO [main] org.apache.catalina.startup.Catalina.load Server initialization in [1239] milliseconds
18-Oct-2023 05:25:28.847 INFO [main] org.apache.catalina.core.StandardService.startInternal Arrancando servicio [Catalina]
18-Oct-2023 05:25:28.848 INFO [main] org.apache.catalina.core.StandardEngine.startInternal Starting Servlet engine: [Apache Tomcat/10.1.13]
18-Oct-2023 05:25:28.881 INFO [main] org.apache.catalina.startup.HostConfig.deployDirectory Desplegando el directorio [C:\Users\evila\OneDrive\Desktop\ALEJANDRO WS\apache-tomcat-10.1.13\webapps\docs] de la aplicación web
18-Oct-2023 05:25:30.080 INFO [main] org.apache.catalina.startup.HostConfig.deployDirectory Deployment of web application directory [C:\Users\evila\OneDrive\Desktop\ALEJANDRO WS\apache-tomcat-10.1.13\webapps\docs] has finished in [1.188] ms
18-Oct-2023 05:25:30.081 INFO [main] org.apache.catalina.startup.HostConfig.deployDirectory Desplegando el directorio [C:\Users\evila\OneDrive\Desktop\ALEJANDRO WS\apache-tomcat-10.1.13\webapps\examples] de la aplicación web
18-Oct-2023 05:25:31.701 INFO [main] org.apache.catalina.startup.HostConfig.deployDirectory Deployment of web application directory [C:\Users\evila\OneDrive\Desktop\ALEJANDRO WS\apache-tomcat-10.1.13\webapps\examples] has finished in [1.621] ms
18-Oct-2023 05:25:31.703 INFO [main] org.apache.catalina.startup.HostConfig.deployDirectory Desplegando el directorio [C:\Users\evila\OneDrive\Desktop\ALEJANDRO WS\apache-tomcat-10.1.13\webapps\host-manager] de la aplicación web
18-Oct-2023 05:25:31.861 INFO [main] org.apache.catalina.startup.HostConfig.deployDirectory Deployment of web application directory [C:\Users\evila\OneDrive\Desktop\ALEJANDRO WS\apache-tomcat-10.1.13\webapps\host-manager] has finished in [158] ms
18-Oct-2023 05:25:31.862 INFO [main] org.apache.catalina.startup.HostConfig.deployDirectory Desplegando el directorio [C:\Users\evila\OneDrive\Desktop\ALEJANDRO WS\apache-tomcat-10.1.13\webapps\manager] de la aplicación web
18-Oct-2023 05:25:32.043 INFO [main] org.apache.catalina.startup.HostConfig.deployDirectory Deployment of web application directory [C:\Users\evila\OneDrive\Desktop\ALEJANDRO WS\apache-tomcat-10.1.13\webapps\manager] has finished in [180] ms
18-Oct-2023 05:25:32.044 INFO [main] org.apache.catalina.startup.HostConfig.deployDirectory Desplegando el directorio [C:\Users\evila\OneDrive\Desktop\ALEJANDRO WS\apache-tomcat-10.1.13\webapps\ROOT] de la aplicación web
18-Oct-2023 05:25:32.136 INFO [main] org.apache.catalina.startup.HostConfig.deployDirectory Deployment of web application directory [C:\Users\evila\OneDrive\Desktop\ALEJANDRO WS\apache-tomcat-10.1.13\webapps\ROOT] has finished in [91] ms
18-Oct-2023 05:25:32.145 INFO [main] org.apache.coyote.AbstractProtocol.start Starting ProtocolHandler ["http-nio-8080"]
18-Oct-2023 05:25:32.280 INFO [main] org.apache.catalina.startup.Catalina.start Server startup in [3692] milliseconds
18-Oct-2023 05:25:41.290 INFO [http-nio-8080-exec-10] org.apache.catalina.startup.HostConfig.deployDescriptor Desplieque del descriptor de configuración [C:\Users\evila\OneDrive\Desktop\ALEJANDRO WS\apache-tomcat-10.1.13\conf\Catalina\localhost\alejandrows.xml]
18-Oct-2023 05:25:41.292 WARNING [http-nio-8080-exec-10] org.apache.catalina.startup.HostConfig.deployDescriptor The path attribute with value [/alejandrows] in deployment descriptor [C:\Users\evila\OneDrive\Desktop\ALEJANDRO WS\apache-tomcat-10.1.13\conf\Catalina\localhost\alejandrows.xml] has been ignored
18-Oct-2023 05:25:43.477 INFO [http-nio-8080-exec-10] org.apache.jasper.servlet.TldScanner.scanJars Al menos un JAR, que se ha explorado buscando TLDs, aún no contenía TLDs. Activar historial de depuración para este historiador para una completa lista de los JARs que fueron explorados y de los que nos se halló TLDs. Saltarse JARs no necesarios durante la exploración puede dar lugar a una mejora de tiempo significativa en el arranque y compilación de JSP .
18-Oct-2023 05:25:43.603 INFO [http-nio-8080-exec-10] org.apache.catalina.startup.HostConfig.deployDescriptor Deployment of deployment descriptor [C:\Users\evila\OneDrive\Desktop\ALEJANDRO WS\apache-tomcat-10.1.13\conf\Catalina\localhost\alejandrows.xml] has finished in [2.312] ms
18-Oct-2023 05:25:43.619 INFO [http-nio-8080-exec-1] org.apache.catalina.util.LifecycleBase.start The start() method was called on component [StandardEngine[Catalina].StandardHost[localhost].StandardContext[/alejandrows]] after start() had already been called. The second call will be ignored.
18-Oct-2023 05:26:03.539 WARNING [http-nio-8080-exec-2] org.glassfish.jersey.server.wadl.WadlFeature.configure JAXBContext implementation could not be found. WADL feature is disabled.
18-Oct-2023 05:31:07.068 INFO [http-nio-8080-exec-2] org.apache.catalina.startup.HostConfig.undeploy Repliegue (undeploy) de la aplicación web que tiene como trayectoria de contexto [/alejandrows]
18-Oct-2023 05:32:29.077 INFO [http-nio-8080-exec-10] org.apache.catalina.startup.HostConfig.deployDescriptor Desplieque del descriptor de configuración [C:\Users\evila\OneDrive\Desktop\ALEJANDRO WS\apache-tomcat-10.1.13\conf\Catalina\localhost\alejandrows.xml]
18-Oct-2023 05:32:29.080 WARNING [http-nio-8080-exec-10] org.apache.catalina.startup.HostConfig.deployDescriptor The path attribute with value [/alejandrows] in deployment descriptor [C:\Users\evila\OneDrive\Desktop\ALEJANDRO WS\apache-tomcat-10.1.13\conf\Catalina\localhost\alejandrows.xml] has been ignored
18-Oct-2023 05:32:30.642 INFO [http-nio-8080-exec-10] org.apache.jasper.servlet.TldScanner.scanJars Al menos un JAR, que se ha explorado buscando TLDs, aún no contenía TLDs. Activar historial de depuración para este historiador para una completa lista de los JARs que fueron explorados y de los que nos se halló TLDs. Saltarse JARs no necesarios durante la exploración puede dar lugar a una mejora de tiempo significativa en el arranque y compilación de JSP .
18-Oct-2023 05:32:30.692 INFO [http-nio-8080-exec-10] org.apache.catalina.startup.HostConfig.deployDescriptor Deployment of deployment descriptor [C:\Users\evila\OneDrive\Desktop\ALEJANDRO WS\apache-tomcat-10.1.13\conf\Catalina\localhost\alejandrows.xml] has finished in [1.615] ms
18-Oct-2023 05:32:30.697 INFO [http-nio-8080-exec-7] org.apache.catalina.util.LifecycleBase.start The start() method was called on component [StandardEngine[Catalina].StandardHost[localhost].StandardContext[/alejandrows]] after start() had already been called. The second call will be ignored.
18-Oct-2023 05:39:35.750 INFO [http-nio-8080-exec-20] org.apache.catalina.startup.HostConfig.undeploy Repliegue (undeploy) de la aplicación web que tiene como trayectoria de contexto [/alejandrows]
18-Oct-2023 05:39:52.168 INFO [http-nio-8080-exec-16] org.apache.catalina.startup.HostConfig.deployDescriptor Desplieque del descriptor de configuración [C:\Users\evila\OneDrive\Desktop\ALEJANDRO WS\apache-tomcat-10.1.13\conf\Catalina\localhost\alejandrows.xml]
18-Oct-2023 05:39:52.172 WARNING [http-nio-8080-exec-16] org.apache.catalina.startup.HostConfig.deployDescriptor The path attribute with value [/alejandrows] in deployment descriptor [C:\Users\evila\OneDrive\Desktop\ALEJANDRO WS\apache-tomcat-10.1.13\conf\Catalina\localhost\alejandrows.xml] has been ignored
18-Oct-2023 05:39:53.933 INFO [http-nio-8080-exec-16] org.apache.jasper.servlet.TldScanner.scanJars Al menos un JAR, que se ha explorado buscando TLDs, aún no contenía TLDs. Activar historial de depuración para este historiador para una completa lista de los JARs que fueron explorados y de los que nos se halló TLDs. Saltarse JARs no necesarios durante la exploración puede dar lugar a una mejora de tiempo significativa en el arranque y compilación de JSP .
18-Oct-2023 05:39:53.987 INFO [http-nio-8080-exec-16] org.apache.catalina.startup.HostConfig.deployDescriptor Deployment of deployment descriptor [C:\Users\evila\OneDrive\Desktop\ALEJANDRO WS\apache-tomcat-10.1.13\conf\Catalina\localhost\alejandrows.xml] has finished in [1.819] ms
18-Oct-2023 05:39:53.991 INFO [http-nio-8080-exec-13] org.apache.catalina.util.LifecycleBase.start The start() method was called on component [StandardEngine[Catalina].StandardHost[localhost].StandardContext[/alejandrows]] after start() had already been called. The second call will be ignored.
18-Oct-2023 05:40:47.305 WARNING [http-nio-8080-exec-13] org.glassfish.jersey.server.wadl.WadlFeature.configure JAXBContext implementation could not be found. WADL feature is disabled.
18-Oct-2023 13:23:39.900 INFO [main] org.apache.catalina.core.StandardServer.await Se ha recibido un comando de apagado a través del puerto de apagado. Parando la instancia del Servidor.
18-Oct-2023 13:23:39.901 INFO [main] org.apache.coyote.AbstractProtocol.pause Pausing ProtocolHandler ["http-nio-8080"]
18-Oct-2023 13:23:39.918 INFO [main] org.apache.catalina.core.StandardService.stopInternal Parando servicio [Catalina]
18-Oct-2023 13:23:40.001 INFO [main] org.apache.coyote.AbstractProtocol.stop Stopping ProtocolHandler ["http-nio-8080"]
18-Oct-2023 13:23:40.036 INFO [main] org.apache.coyote.AbstractProtocol.destroy Destroying ProtocolHandler ["http-nio-8080"]
