17-Oct-2023 18:01:03.662 INFO [main] org.apache.catalina.startup.VersionLoggerListener.log Nombre de la versión del servidor: Apache Tomcat/10.1.13
17-Oct-2023 18:01:03.673 INFO [main] org.apache.catalina.startup.VersionLoggerListener.log Server built:                      Aug 23 2023 21:34:59 UTC
17-Oct-2023 18:01:03.674 INFO [main] org.apache.catalina.startup.VersionLoggerListener.log Número de versión de servidor:     10.1.13.0
17-Oct-2023 18:01:03.674 INFO [main] org.apache.catalina.startup.VersionLoggerListener.log OS Name:                           Windows 11
17-Oct-2023 18:01:03.675 INFO [main] org.apache.catalina.startup.VersionLoggerListener.log Versión de Systema Operativo:      10.0
17-Oct-2023 18:01:03.675 INFO [main] org.apache.catalina.startup.VersionLoggerListener.log Arquitectura:                      amd64
17-Oct-2023 18:01:03.676 INFO [main] org.apache.catalina.startup.VersionLoggerListener.log Java Home:                         C:\Program Files\Java\jdk-20
17-Oct-2023 18:01:03.676 INFO [main] org.apache.catalina.startup.VersionLoggerListener.log JVM Version:                       20.0.1+9-29
17-Oct-2023 18:01:03.677 INFO [main] org.apache.catalina.startup.VersionLoggerListener.log Vededor JVM:                       Oracle Corporation
17-Oct-2023 18:01:03.678 INFO [main] org.apache.catalina.startup.VersionLoggerListener.log CATALINA_BASE:                     C:\Users\evila\OneDrive\Desktop\ALEJANDRO WS\apache-tomcat-10.1.13
17-Oct-2023 18:01:03.678 INFO [main] org.apache.catalina.startup.VersionLoggerListener.log CATALINA_HOME:                     C:\Users\evila\OneDrive\Desktop\ALEJANDRO WS\apache-tomcat-10.1.13
17-Oct-2023 18:01:03.695 INFO [main] org.apache.catalina.startup.VersionLoggerListener.log Command line argument:             -Djava.util.logging.config.file=C:\Users\evila\OneDrive\Desktop\ALEJANDRO WS\apache-tomcat-10.1.13\conf\logging.properties
17-Oct-2023 18:01:03.696 INFO [main] org.apache.catalina.startup.VersionLoggerListener.log Command line argument:             -Djava.util.logging.manager=org.apache.juli.ClassLoaderLogManager
17-Oct-2023 18:01:03.696 INFO [main] org.apache.catalina.startup.VersionLoggerListener.log Command line argument:             -Djdk.tls.ephemeralDHKeySize=2048
17-Oct-2023 18:01:03.696 INFO [main] org.apache.catalina.startup.VersionLoggerListener.log Command line argument:             -Djava.protocol.handler.pkgs=org.apache.catalina.webresources
17-Oct-2023 18:01:03.696 INFO [main] org.apache.catalina.startup.VersionLoggerListener.log Command line argument:             --add-opens=java.base/java.lang=ALL-UNNAMED
17-Oct-2023 18:01:03.696 INFO [main] org.apache.catalina.startup.VersionLoggerListener.log Command line argument:             --add-opens=java.base/java.io=ALL-UNNAMED
17-Oct-2023 18:01:03.696 INFO [main] org.apache.catalina.startup.VersionLoggerListener.log Command line argument:             --add-opens=java.base/java.util=ALL-UNNAMED
17-Oct-2023 18:01:03.696 INFO [main] org.apache.catalina.startup.VersionLoggerListener.log Command line argument:             --add-opens=java.base/java.util.concurrent=ALL-UNNAMED
17-Oct-2023 18:01:03.697 INFO [main] org.apache.catalina.startup.VersionLoggerListener.log Command line argument:             --add-opens=java.rmi/sun.rmi.transport=ALL-UNNAMED
17-Oct-2023 18:01:03.697 INFO [main] org.apache.catalina.startup.VersionLoggerListener.log Command line argument:             -Dcatalina.base=C:\Users\evila\OneDrive\Desktop\ALEJANDRO WS\apache-tomcat-10.1.13
17-Oct-2023 18:01:03.697 INFO [main] org.apache.catalina.startup.VersionLoggerListener.log Command line argument:             -Dcatalina.home=C:\Users\evila\OneDrive\Desktop\ALEJANDRO WS\apache-tomcat-10.1.13
17-Oct-2023 18:01:03.697 INFO [main] org.apache.catalina.startup.VersionLoggerListener.log Command line argument:             -Djava.io.tmpdir=C:\Users\evila\OneDrive\Desktop\ALEJANDRO WS\apache-tomcat-10.1.13\temp
17-Oct-2023 18:01:03.720 INFO [main] org.apache.catalina.core.AprLifecycleListener.lifecycleEvent La biblioteca nativa de Apache Tomcat basada en ARP que permite un rendimiento óptimo en entornos de desarrollo no ha sido hallada en java.library.path: [C:\Program Files\Java\jdk-20\bin;C:\WINDOWS\Sun\Java\bin;C:\WINDOWS\system32;C:\WINDOWS;C:\Program Files\BellSoft\LibericaJDK-17-Full\bin\;C:\Program Files\Eclipse Adoptium\jdk-8.0.382.5-hotspot\bin;C:\Python311\Scripts\;C:\Python311\;C:\Program Files\Common Files\Oracle\Java\javapath;C:\WINDOWS\system32;C:\WINDOWS;C:\WINDOWS\System32\Wbem;C:\WINDOWS\System32\WindowsPowerShell\v1.0\;C:\WINDOWS\System32\OpenSSH\;C:\ProgramData\chocolatey\bin;C:\Program Files\Git\cmd;C:\Users\evila\AppData\Roaming\nvm;C:\Program Files\nodejs;C:\Program Files\Docker\Docker\resources\bin;C:\Program Files\apache-maven-3.9.4\bin;C:\Program Files\MySQL\MySQL Shell 8.1\bin\;C:\Users\evila\.cargo\bin;C:\Users\evila\AppData\Local\Microsoft\WindowsApps;C:\Users\evila\AppData\Local\Programs\Microsoft VS Code\bin;C:\Users\evila\AppData\Roaming\npm;C:\Users\evila\AppData\Roaming\nvm;C:\Program Files\nodejs;C:\Users\evila\AppData\Local\Programs\oh-my-posh\bin;C:\Program Files\JetBrains\IntelliJ IDEA 2023.2.2\bin;;C:\Program Files\JetBrains\WebStorm 2023.2.2\bin;;;.]
17-Oct-2023 18:01:04.531 INFO [main] org.apache.coyote.AbstractProtocol.init Inicializando el manejador de protocolo ["http-nio-8080"]

17-Oct-2023 18:01:04.600 INFO [main] org.apache.catalina.startup.Catalina.load Server initialization in [1469] milliseconds
17-Oct-2023 18:01:04.751 INFO [main] org.apache.catalina.core.StandardService.startInternal Arrancando servicio [Catalina]
17-Oct-2023 18:01:04.751 INFO [main] org.apache.catalina.core.StandardEngine.startInternal Starting Servlet engine: [Apache Tomcat/10.1.13]
17-Oct-2023 18:01:04.793 INFO [main] org.apache.catalina.startup.HostConfig.deployDirectory Desplegando el directorio [C:\Users\evila\OneDrive\Desktop\ALEJANDRO WS\apache-tomcat-10.1.13\webapps\docs] de la aplicación web
17-Oct-2023 18:01:05.695 INFO [main] org.apache.catalina.startup.HostConfig.deployDirectory Deployment of web application directory [C:\Users\evila\OneDrive\Desktop\ALEJANDRO WS\apache-tomcat-10.1.13\webapps\docs] has finished in [894] ms
17-Oct-2023 18:01:05.696 INFO [main] org.apache.catalina.startup.HostConfig.deployDirectory Desplegando el directorio [C:\Users\evila\OneDrive\Desktop\ALEJANDRO WS\apache-tomcat-10.1.13\webapps\examples] de la aplicación web
17-Oct-2023 18:01:06.899 INFO [main] org.apache.catalina.startup.HostConfig.deployDirectory Deployment of web application directory [C:\Users\evila\OneDrive\Desktop\ALEJANDRO WS\apache-tomcat-10.1.13\webapps\examples] has finished in [1.202] ms
17-Oct-2023 18:01:06.900 INFO [main] org.apache.catalina.startup.HostConfig.deployDirectory Desplegando el directorio [C:\Users\evila\OneDrive\Desktop\ALEJANDRO WS\apache-tomcat-10.1.13\webapps\host-manager] de la aplicación web
17-Oct-2023 18:01:07.032 INFO [main] org.apache.catalina.startup.HostConfig.deployDirectory Deployment of web application directory [C:\Users\evila\OneDrive\Desktop\ALEJANDRO WS\apache-tomcat-10.1.13\webapps\host-manager] has finished in [131] ms
17-Oct-2023 18:01:07.033 INFO [main] org.apache.catalina.startup.HostConfig.deployDirectory Desplegando el directorio [C:\Users\evila\OneDrive\Desktop\ALEJANDRO WS\apache-tomcat-10.1.13\webapps\manager] de la aplicación web
17-Oct-2023 18:01:07.144 INFO [main] org.apache.catalina.startup.HostConfig.deployDirectory Deployment of web application directory [C:\Users\evila\OneDrive\Desktop\ALEJANDRO WS\apache-tomcat-10.1.13\webapps\manager] has finished in [110] ms
17-Oct-2023 18:01:07.144 INFO [main] org.apache.catalina.startup.HostConfig.deployDirectory Desplegando el directorio [C:\Users\evila\OneDrive\Desktop\ALEJANDRO WS\apache-tomcat-10.1.13\webapps\ROOT] de la aplicación web
17-Oct-2023 18:01:07.214 INFO [main] org.apache.catalina.startup.HostConfig.deployDirectory Deployment of web application directory [C:\Users\evila\OneDrive\Desktop\ALEJANDRO WS\apache-tomcat-10.1.13\webapps\ROOT] has finished in [70] ms
17-Oct-2023 18:01:07.220 INFO [main] org.apache.coyote.AbstractProtocol.start Starting ProtocolHandler ["http-nio-8080"]
17-Oct-2023 18:01:07.333 INFO [main] org.apache.catalina.startup.Catalina.start Server startup in [2729] milliseconds
17-Oct-2023 18:01:08.115 INFO [http-nio-8080-exec-6] org.apache.catalina.startup.HostConfig.deployDescriptor Desplieque del descriptor de configuración [C:\Users\evila\OneDrive\Desktop\ALEJANDRO WS\apache-tomcat-10.1.13\conf\Catalina\localhost\alejandrows.xml]
17-Oct-2023 18:01:08.117 WARNING [http-nio-8080-exec-6] org.apache.catalina.startup.HostConfig.deployDescriptor The path attribute with value [/alejandrows] in deployment descriptor [C:\Users\evila\OneDrive\Desktop\ALEJANDRO WS\apache-tomcat-10.1.13\conf\Catalina\localhost\alejandrows.xml] has been ignored
17-Oct-2023 18:01:10.555 INFO [http-nio-8080-exec-6] org.apache.jasper.servlet.TldScanner.scanJars Al menos un JAR, que se ha explorado buscando TLDs, aún no contenía TLDs. Activar historial de depuración para este historiador para una completa lista de los JARs que fueron explorados y de los que nos se halló TLDs. Saltarse JARs no necesarios durante la exploración puede dar lugar a una mejora de tiempo significativa en el arranque y compilación de JSP .
17-Oct-2023 18:01:10.662 INFO [http-nio-8080-exec-6] org.apache.catalina.startup.HostConfig.deployDescriptor Deployment of deployment descriptor [C:\Users\evila\OneDrive\Desktop\ALEJANDRO WS\apache-tomcat-10.1.13\conf\Catalina\localhost\alejandrows.xml] has finished in [2.546] ms
17-Oct-2023 18:01:10.670 INFO [http-nio-8080-exec-7] org.apache.catalina.util.LifecycleBase.start The start() method was called on component [StandardEngine[Catalina].StandardHost[localhost].StandardContext[/alejandrows]] after start() had already been called. The second call will be ignored.
17-Oct-2023 18:01:16.030 WARNING [http-nio-8080-exec-8] org.glassfish.jersey.server.wadl.WadlFeature.configure JAXBContext implementation could not be found. WADL feature is disabled.
17-Oct-2023 18:01:33.260 SEVERE [http-nio-8080-exec-7] org.glassfish.jersey.server.ServerRuntime$Responder.process Error occurred when processing a response created from an already mapped exception.
17-Oct-2023 18:04:55.916 INFO [http-nio-8080-exec-9] org.apache.catalina.core.StandardContext.reload Ha comenzado la recarga de Contexto [/alejandrows]
17-Oct-2023 18:04:58.308 INFO [http-nio-8080-exec-9] org.apache.jasper.servlet.TldScanner.scanJars Al menos un JAR, que se ha explorado buscando TLDs, aún no contenía TLDs. Activar historial de depuración para este historiador para una completa lista de los JARs que fueron explorados y de los que nos se halló TLDs. Saltarse JARs no necesarios durante la exploración puede dar lugar a una mejora de tiempo significativa en el arranque y compilación de JSP .
17-Oct-2023 18:04:58.372 INFO [http-nio-8080-exec-9] org.apache.catalina.core.StandardContext.reload Se ha completado la recarga de este Contexto
17-Oct-2023 18:05:56.476 INFO [main] org.apache.catalina.core.StandardServer.await Se ha recibido un comando de apagado a través del puerto de apagado. Parando la instancia del Servidor.
17-Oct-2023 18:05:56.476 INFO [main] org.apache.coyote.AbstractProtocol.pause Pausing ProtocolHandler ["http-nio-8080"]
17-Oct-2023 18:05:56.496 INFO [main] org.apache.catalina.core.StandardService.stopInternal Parando servicio [Catalina]
17-Oct-2023 18:05:56.530 INFO [main] org.apache.coyote.AbstractProtocol.stop Stopping ProtocolHandler ["http-nio-8080"]
17-Oct-2023 18:05:56.536 INFO [main] org.apache.coyote.AbstractProtocol.destroy Destroying ProtocolHandler ["http-nio-8080"]
17-Oct-2023 18:19:39.514 INFO [main] org.apache.catalina.startup.VersionLoggerListener.log Nombre de la versión del servidor: Apache Tomcat/10.1.13
17-Oct-2023 18:19:39.524 INFO [main] org.apache.catalina.startup.VersionLoggerListener.log Server built:                      Aug 23 2023 21:34:59 UTC
17-Oct-2023 18:19:39.525 INFO [main] org.apache.catalina.startup.VersionLoggerListener.log Número de versión de servidor:     10.1.13.0
17-Oct-2023 18:19:39.525 INFO [main] org.apache.catalina.startup.VersionLoggerListener.log OS Name:                           Windows 11
17-Oct-2023 18:19:39.525 INFO [main] org.apache.catalina.startup.VersionLoggerListener.log Versión de Systema Operativo:      10.0
17-Oct-2023 18:19:39.526 INFO [main] org.apache.catalina.startup.VersionLoggerListener.log Arquitectura:                      amd64
17-Oct-2023 18:19:39.526 INFO [main] org.apache.catalina.startup.VersionLoggerListener.log Java Home:                         C:\Program Files\Java\jdk-20
17-Oct-2023 18:19:39.527 INFO [main] org.apache.catalina.startup.VersionLoggerListener.log JVM Version:                       20.0.1+9-29
17-Oct-2023 18:19:39.528 INFO [main] org.apache.catalina.startup.VersionLoggerListener.log Vededor JVM:                       Oracle Corporation
17-Oct-2023 18:19:39.529 INFO [main] org.apache.catalina.startup.VersionLoggerListener.log CATALINA_BASE:                     C:\Users\evila\OneDrive\Desktop\ALEJANDRO WS\apache-tomcat-10.1.13
17-Oct-2023 18:19:39.530 INFO [main] org.apache.catalina.startup.VersionLoggerListener.log CATALINA_HOME:                     C:\Users\evila\OneDrive\Desktop\ALEJANDRO WS\apache-tomcat-10.1.13
17-Oct-2023 18:19:39.552 INFO [main] org.apache.catalina.startup.VersionLoggerListener.log Command line argument:             -Djava.util.logging.config.file=C:\Users\evila\OneDrive\Desktop\ALEJANDRO WS\apache-tomcat-10.1.13\conf\logging.properties
17-Oct-2023 18:19:39.552 INFO [main] org.apache.catalina.startup.VersionLoggerListener.log Command line argument:             -Djava.util.logging.manager=org.apache.juli.ClassLoaderLogManager
17-Oct-2023 18:19:39.552 INFO [main] org.apache.catalina.startup.VersionLoggerListener.log Command line argument:             -Djdk.tls.ephemeralDHKeySize=2048
17-Oct-2023 18:19:39.552 INFO [main] org.apache.catalina.startup.VersionLoggerListener.log Command line argument:             -Djava.protocol.handler.pkgs=org.apache.catalina.webresources
17-Oct-2023 18:19:39.554 INFO [main] org.apache.catalina.startup.VersionLoggerListener.log Command line argument:             --add-opens=java.base/java.lang=ALL-UNNAMED
17-Oct-2023 18:19:39.554 INFO [main] org.apache.catalina.startup.VersionLoggerListener.log Command line argument:             --add-opens=java.base/java.io=ALL-UNNAMED
17-Oct-2023 18:19:39.554 INFO [main] org.apache.catalina.startup.VersionLoggerListener.log Command line argument:             --add-opens=java.base/java.util=ALL-UNNAMED
17-Oct-2023 18:19:39.554 INFO [main] org.apache.catalina.startup.VersionLoggerListener.log Command line argument:             --add-opens=java.base/java.util.concurrent=ALL-UNNAMED
17-Oct-2023 18:19:39.554 INFO [main] org.apache.catalina.startup.VersionLoggerListener.log Command line argument:             --add-opens=java.rmi/sun.rmi.transport=ALL-UNNAMED
17-Oct-2023 18:19:39.554 INFO [main] org.apache.catalina.startup.VersionLoggerListener.log Command line argument:             -Dcatalina.base=C:\Users\evila\OneDrive\Desktop\ALEJANDRO WS\apache-tomcat-10.1.13
17-Oct-2023 18:19:39.554 INFO [main] org.apache.catalina.startup.VersionLoggerListener.log Command line argument:             -Dcatalina.home=C:\Users\evila\OneDrive\Desktop\ALEJANDRO WS\apache-tomcat-10.1.13
17-Oct-2023 18:19:39.555 INFO [main] org.apache.catalina.startup.VersionLoggerListener.log Command line argument:             -Djava.io.tmpdir=C:\Users\evila\OneDrive\Desktop\ALEJANDRO WS\apache-tomcat-10.1.13\temp
17-Oct-2023 18:19:39.575 INFO [main] org.apache.catalina.core.AprLifecycleListener.lifecycleEvent La biblioteca nativa de Apache Tomcat basada en ARP que permite un rendimiento óptimo en entornos de desarrollo no ha sido hallada en java.library.path: [C:\Program Files\Java\jdk-20\bin;C:\WINDOWS\Sun\Java\bin;C:\WINDOWS\system32;C:\WINDOWS;C:\Program Files\BellSoft\LibericaJDK-17-Full\bin\;C:\Program Files\Eclipse Adoptium\jdk-8.0.382.5-hotspot\bin;C:\Python311\Scripts\;C:\Python311\;C:\Program Files\Common Files\Oracle\Java\javapath;C:\WINDOWS\system32;C:\WINDOWS;C:\WINDOWS\System32\Wbem;C:\WINDOWS\System32\WindowsPowerShell\v1.0\;C:\WINDOWS\System32\OpenSSH\;C:\ProgramData\chocolatey\bin;C:\Program Files\Git\cmd;C:\Users\evila\AppData\Roaming\nvm;C:\Program Files\nodejs;C:\Program Files\Docker\Docker\resources\bin;C:\Program Files\apache-maven-3.9.4\bin;C:\Program Files\MySQL\MySQL Shell 8.1\bin\;C:\Users\evila\.cargo\bin;C:\Users\evila\AppData\Local\Microsoft\WindowsApps;C:\Users\evila\AppData\Local\Programs\Microsoft VS Code\bin;C:\Users\evila\AppData\Roaming\npm;C:\Users\evila\AppData\Roaming\nvm;C:\Program Files\nodejs;C:\Users\evila\AppData\Local\Programs\oh-my-posh\bin;C:\Program Files\JetBrains\IntelliJ IDEA 2023.2.2\bin;;C:\Program Files\JetBrains\WebStorm 2023.2.2\bin;;;.]
17-Oct-2023 18:19:40.136 INFO [main] org.apache.coyote.AbstractProtocol.init Inicializando el manejador de protocolo ["http-nio-8080"]

17-Oct-2023 18:19:40.179 INFO [main] org.apache.catalina.startup.Catalina.load Server initialization in [1183] milliseconds
17-Oct-2023 18:19:40.312 INFO [main] org.apache.catalina.core.StandardService.startInternal Arrancando servicio [Catalina]
17-Oct-2023 18:19:40.313 INFO [main] org.apache.catalina.core.StandardEngine.startInternal Starting Servlet engine: [Apache Tomcat/10.1.13]
17-Oct-2023 18:19:40.336 INFO [main] org.apache.catalina.startup.HostConfig.deployDescriptor Desplieque del descriptor de configuración [C:\Users\evila\OneDrive\Desktop\ALEJANDRO WS\apache-tomcat-10.1.13\conf\Catalina\localhost\alejandrows.xml]
17-Oct-2023 18:19:40.401 WARNING [main] org.apache.catalina.startup.HostConfig.deployDescriptor The path attribute with value [/alejandrows] in deployment descriptor [C:\Users\evila\OneDrive\Desktop\ALEJANDRO WS\apache-tomcat-10.1.13\conf\Catalina\localhost\alejandrows.xml] has been ignored
17-Oct-2023 18:19:42.623 INFO [main] org.apache.jasper.servlet.TldScanner.scanJars Al menos un JAR, que se ha explorado buscando TLDs, aún no contenía TLDs. Activar historial de depuración para este historiador para una completa lista de los JARs que fueron explorados y de los que nos se halló TLDs. Saltarse JARs no necesarios durante la exploración puede dar lugar a una mejora de tiempo significativa en el arranque y compilación de JSP .
17-Oct-2023 18:19:42.850 INFO [main] org.apache.catalina.startup.HostConfig.deployDescriptor Deployment of deployment descriptor [C:\Users\evila\OneDrive\Desktop\ALEJANDRO WS\apache-tomcat-10.1.13\conf\Catalina\localhost\alejandrows.xml] has finished in [2.508] ms
17-Oct-2023 18:19:42.852 INFO [main] org.apache.catalina.startup.HostConfig.deployDirectory Desplegando el directorio [C:\Users\evila\OneDrive\Desktop\ALEJANDRO WS\apache-tomcat-10.1.13\webapps\docs] de la aplicación web
17-Oct-2023 18:19:42.927 INFO [main] org.apache.catalina.startup.HostConfig.deployDirectory Deployment of web application directory [C:\Users\evila\OneDrive\Desktop\ALEJANDRO WS\apache-tomcat-10.1.13\webapps\docs] has finished in [76] ms
17-Oct-2023 18:19:42.928 INFO [main] org.apache.catalina.startup.HostConfig.deployDirectory Desplegando el directorio [C:\Users\evila\OneDrive\Desktop\ALEJANDRO WS\apache-tomcat-10.1.13\webapps\examples] de la aplicación web
17-Oct-2023 18:19:43.642 INFO [main] org.apache.catalina.startup.HostConfig.deployDirectory Deployment of web application directory [C:\Users\evila\OneDrive\Desktop\ALEJANDRO WS\apache-tomcat-10.1.13\webapps\examples] has finished in [714] ms
17-Oct-2023 18:19:43.643 INFO [main] org.apache.catalina.startup.HostConfig.deployDirectory Desplegando el directorio [C:\Users\evila\OneDrive\Desktop\ALEJANDRO WS\apache-tomcat-10.1.13\webapps\host-manager] de la aplicación web
17-Oct-2023 18:19:43.738 INFO [main] org.apache.catalina.startup.HostConfig.deployDirectory Deployment of web application directory [C:\Users\evila\OneDrive\Desktop\ALEJANDRO WS\apache-tomcat-10.1.13\webapps\host-manager] has finished in [95] ms
17-Oct-2023 18:19:43.739 INFO [main] org.apache.catalina.startup.HostConfig.deployDirectory Desplegando el directorio [C:\Users\evila\OneDrive\Desktop\ALEJANDRO WS\apache-tomcat-10.1.13\webapps\manager] de la aplicación web
17-Oct-2023 18:19:43.842 INFO [main] org.apache.catalina.startup.HostConfig.deployDirectory Deployment of web application directory [C:\Users\evila\OneDrive\Desktop\ALEJANDRO WS\apache-tomcat-10.1.13\webapps\manager] has finished in [104] ms
17-Oct-2023 18:19:43.843 INFO [main] org.apache.catalina.startup.HostConfig.deployDirectory Desplegando el directorio [C:\Users\evila\OneDrive\Desktop\ALEJANDRO WS\apache-tomcat-10.1.13\webapps\ROOT] de la aplicación web
17-Oct-2023 18:19:43.896 INFO [main] org.apache.catalina.startup.HostConfig.deployDirectory Deployment of web application directory [C:\Users\evila\OneDrive\Desktop\ALEJANDRO WS\apache-tomcat-10.1.13\webapps\ROOT] has finished in [53] ms
17-Oct-2023 18:19:43.902 INFO [main] org.apache.coyote.AbstractProtocol.start Starting ProtocolHandler ["http-nio-8080"]
17-Oct-2023 18:19:43.983 INFO [main] org.apache.catalina.startup.Catalina.start Server startup in [3802] milliseconds
17-Oct-2023 18:19:47.464 INFO [http-nio-8080-exec-1] org.apache.catalina.core.StandardContext.reload Ha comenzado la recarga de Contexto [/alejandrows]
17-Oct-2023 18:19:49.063 INFO [http-nio-8080-exec-1] org.apache.jasper.servlet.TldScanner.scanJars Al menos un JAR, que se ha explorado buscando TLDs, aún no contenía TLDs. Activar historial de depuración para este historiador para una completa lista de los JARs que fueron explorados y de los que nos se halló TLDs. Saltarse JARs no necesarios durante la exploración puede dar lugar a una mejora de tiempo significativa en el arranque y compilación de JSP .
17-Oct-2023 18:19:49.121 INFO [http-nio-8080-exec-1] org.apache.catalina.core.StandardContext.reload Se ha completado la recarga de este Contexto
17-Oct-2023 18:19:54.505 WARNING [http-nio-8080-exec-2] org.glassfish.jersey.server.wadl.WadlFeature.configure JAXBContext implementation could not be found. WADL feature is disabled.
17-Oct-2023 18:20:04.217 INFO [main] org.apache.catalina.core.StandardServer.await Se ha recibido un comando de apagado a través del puerto de apagado. Parando la instancia del Servidor.
17-Oct-2023 18:20:04.218 INFO [main] org.apache.coyote.AbstractProtocol.pause Pausing ProtocolHandler ["http-nio-8080"]
17-Oct-2023 18:20:04.237 INFO [main] org.apache.catalina.core.StandardService.stopInternal Parando servicio [Catalina]
17-Oct-2023 18:20:04.327 INFO [main] org.apache.coyote.AbstractProtocol.stop Stopping ProtocolHandler ["http-nio-8080"]
17-Oct-2023 18:20:04.345 INFO [main] org.apache.coyote.AbstractProtocol.destroy Destroying ProtocolHandler ["http-nio-8080"]
